2026-06-01T05:29:04.210Z [INFO]: verifyToken - path: /auth/register
2026-06-01T05:29:04.214Z [INFO]: verifyToken - skipping auth routes
2026-06-01T05:29:04.216Z [INFO]: user id:undefined, method:OPTIONS, url:/auth/register
2026-06-01T05:29:04.393Z [INFO]: Connected to MySQL at 127.0.0.1
2026-06-01T05:31:05.956Z [INFO]: verifyToken - path: /auth/register
2026-06-01T05:31:05.958Z [INFO]: verifyToken - skipping auth routes
2026-06-01T05:31:05.959Z [INFO]: user id:undefined, method:OPTIONS, url:/auth/register
2026-06-01T05:33:04.523Z [INFO]: verifyToken - path: /auth/register
2026-06-01T05:33:04.527Z [INFO]: verifyToken - skipping auth routes
2026-06-01T05:33:04.529Z [INFO]: user id:undefined, method:POST, url:/auth/register
2026-06-01T05:33:04.571Z [INFO]: Connected to MySQL at 127.0.0.1
2026-06-01T05:33:04.613Z [INFO]: in cotroller - sign up
2026-06-01T05:33:04.617Z [WARN]: register error: data and salt arguments required
2026-06-01T06:09:01.961Z [INFO]: verifyToken - path: /auth/register
2026-06-01T06:09:01.963Z [INFO]: verifyToken - skipping auth routes
2026-06-01T06:09:01.965Z [INFO]: user id:undefined, method:POST, url:/auth/register
2026-06-01T06:09:01.995Z [INFO]: in cotroller - sign up
2026-06-01T06:09:02.523Z [INFO]: addUser called for user: דן לב
2026-06-01T06:09:02.528Z [ERROR]: addUser error: Bind parameters must not contain undefined. To pass SQL NULL specify JS null
2026-06-01T06:09:02.529Z [WARN]: register error: Bind parameters must not contain undefined. To pass SQL NULL specify JS null
2026-06-01T06:11:47.795Z [INFO]: verifyToken - path: /auth/register
2026-06-01T06:11:47.799Z [INFO]: verifyToken - skipping auth routes
2026-06-01T06:11:47.800Z [INFO]: user id:undefined, method:POST, url:/auth/register
2026-06-01T06:11:47.837Z [INFO]: Connected to MySQL at 127.0.0.1
2026-06-01T06:11:47.866Z [INFO]: in cotroller - sign up
2026-06-01T06:11:48.253Z [INFO]: addUser called for user: דן לב
2026-06-01T06:11:48.289Z [ERROR]: addUser error: Unknown column 'phone' in 'field list'
2026-06-01T06:11:48.290Z [WARN]: register error: Unknown column 'phone' in 'field list'
2026-06-01T06:13:32.471Z [INFO]: verifyToken - path: /auth/register
2026-06-01T06:13:32.475Z [INFO]: verifyToken - skipping auth routes
2026-06-01T06:13:32.479Z [INFO]: user id:undefined, method:POST, url:/auth/register
2026-06-01T06:13:32.517Z [INFO]: Connected to MySQL at 127.0.0.1
2026-06-01T06:13:32.539Z [INFO]: in cotroller - sign up
2026-06-01T06:13:32.971Z [INFO]: addUser called for user: דן לב
2026-06-01T06:13:32.974Z [ERROR]: addUser error: Unknown column 'phone' in 'field list'
2026-06-01T06:13:32.975Z [WARN]: register error: Unknown column 'phone' in 'field list'
2026-06-01T06:13:35.270Z [INFO]: verifyToken - path: /auth/register
2026-06-01T06:13:35.272Z [INFO]: verifyToken - skipping auth routes
2026-06-01T06:13:35.273Z [INFO]: user id:undefined, method:POST, url:/auth/register
2026-06-01T06:13:35.286Z [INFO]: in cotroller - sign up
2026-06-01T06:13:35.715Z [INFO]: addUser called for user: דן לב
2026-06-01T06:13:35.718Z [ERROR]: addUser error: Unknown column 'phone' in 'field list'
2026-06-01T06:13:35.718Z [WARN]: register error: Unknown column 'phone' in 'field list'
2026-06-01T06:13:35.845Z [INFO]: verifyToken - path: /auth/register
2026-06-01T06:13:35.845Z [INFO]: verifyToken - skipping auth routes
2026-06-01T06:13:35.846Z [INFO]: user id:undefined, method:POST, url:/auth/register
2026-06-01T06:13:35.859Z [INFO]: in cotroller - sign up
2026-06-01T06:13:36.042Z [INFO]: verifyToken - path: /auth/register
2026-06-01T06:13:36.042Z [INFO]: verifyToken - skipping auth routes
2026-06-01T06:13:36.043Z [INFO]: user id:undefined, method:POST, url:/auth/register
2026-06-01T06:13:36.055Z [INFO]: in cotroller - sign up
2026-06-01T06:13:36.306Z [INFO]: addUser called for user: דן לב
2026-06-01T06:13:36.308Z [ERROR]: addUser error: Unknown column 'phone' in 'field list'
2026-06-01T06:13:36.308Z [WARN]: register error: Unknown column 'phone' in 'field list'
2026-06-01T06:13:36.311Z [INFO]: verifyToken - path: /auth/register
2026-06-01T06:13:36.312Z [INFO]: verifyToken - skipping auth routes
2026-06-01T06:13:36.312Z [INFO]: user id:undefined, method:POST, url:/auth/register
2026-06-01T06:13:36.322Z [INFO]: in cotroller - sign up
2026-06-01T06:13:36.453Z [INFO]: addUser called for user: דן לב
2026-06-01T06:13:36.455Z [ERROR]: addUser error: Unknown column 'phone' in 'field list'
2026-06-01T06:13:36.455Z [WARN]: register error: Unknown column 'phone' in 'field list'
2026-06-01T06:13:36.749Z [INFO]: addUser called for user: דן לב
2026-06-01T06:13:36.751Z [ERROR]: addUser error: Unknown column 'phone' in 'field list'
2026-06-01T06:13:36.752Z [WARN]: register error: Unknown column 'phone' in 'field list'
2026-06-01T06:42:34.587Z [INFO]: verifyToken - path: /auth/register
2026-06-01T06:42:34.591Z [INFO]: verifyToken - skipping auth routes
2026-06-01T06:42:34.593Z [INFO]: user id:undefined, method:POST, url:/auth/register
2026-06-01T06:42:34.619Z [INFO]: Connected to MySQL at 127.0.0.1
2026-06-01T06:42:34.676Z [INFO]: in cotroller - sign up
2026-06-01T06:42:35.324Z [INFO]: addUser called for user: דן לב
2026-06-01T06:42:35.327Z [ERROR]: addUser error: Unknown column 'street' in 'field list'
2026-06-01T06:42:35.328Z [WARN]: register error: Unknown column 'street' in 'field list'
2026-06-01T06:43:10.480Z [INFO]: verifyToken - path: /auth/register
2026-06-01T06:43:10.482Z [INFO]: verifyToken - skipping auth routes
2026-06-01T06:43:10.483Z [INFO]: user id:undefined, method:POST, url:/auth/register
2026-06-01T06:43:10.525Z [INFO]: in cotroller - sign up
2026-06-01T06:43:11.164Z [INFO]: addUser called for user: דן לב
2026-06-01T06:43:11.239Z [INFO]: addUser successful, user id: 1
2026-06-01T06:43:11.253Z [INFO]: register successful for national id: 987654321
2026-06-01T06:43:40.253Z [INFO]: verifyToken - path: /auth/login
2026-06-01T06:43:40.254Z [INFO]: verifyToken - skipping auth routes
2026-06-01T06:43:40.254Z [INFO]: user id:undefined, method:POST, url:/auth/login
2026-06-01T06:43:40.966Z [INFO]: login successful for national id: 987654321 form institution: 123
2026-06-01T06:57:39.373Z [INFO]: verifyToken - path: /auth/login
2026-06-01T06:57:39.373Z [INFO]: verifyToken - skipping auth routes
2026-06-01T06:57:39.374Z [INFO]: user id:undefined, method:POST, url:/auth/login
2026-06-01T06:57:40.066Z [INFO]: login successful for national id: 987654321 form institution: 123
2026-06-01T06:57:42.199Z [INFO]: verifyToken - path: /auth/login
2026-06-01T06:57:42.200Z [INFO]: verifyToken - skipping auth routes
2026-06-01T06:57:42.200Z [INFO]: user id:undefined, method:POST, url:/auth/login
2026-06-01T06:57:42.218Z [WARN]: login error: User not found
2026-06-01T06:58:06.587Z [INFO]: verifyToken - path: /auth/login
2026-06-01T06:58:06.590Z [INFO]: verifyToken - skipping auth routes
2026-06-01T06:58:06.594Z [INFO]: user id:undefined, method:POST, url:/auth/login
2026-06-01T06:58:07.275Z [INFO]: login successful for national id: 987654321 form institution: 123
2026-06-01T08:00:29.364Z [INFO]: verifyToken - path: /auth/login
2026-06-01T08:00:29.366Z [INFO]: verifyToken - skipping auth routes
2026-06-01T08:00:29.366Z [INFO]: user id:undefined, method:POST, url:/auth/login
2026-06-01T08:00:29.390Z [WARN]: login error: User not found
2026-06-01T08:12:11.559Z [INFO]: verifyToken - path: /auth/login
2026-06-01T08:12:11.560Z [INFO]: verifyToken - skipping auth routes
2026-06-01T08:12:11.561Z [INFO]: user id:undefined, method:POST, url:/auth/login
2026-06-01T08:12:12.245Z [INFO]: verifyToken - path: /auth/login
2026-06-01T08:12:12.245Z [INFO]: verifyToken - skipping auth routes
2026-06-01T08:12:12.246Z [INFO]: user id:undefined, method:POST, url:/auth/login
2026-06-01T08:12:12.262Z [INFO]: login successful for national id: 987654321 form institution: 123
2026-06-01T08:12:12.909Z [INFO]: login successful for national id: 987654321 form institution: 123
2026-06-01T09:13:51.444Z [INFO]: verifyToken - path: /auth/login
2026-06-01T09:13:51.447Z [INFO]: verifyToken - skipping auth routes
2026-06-01T09:13:51.449Z [INFO]: user id:undefined, method:POST, url:/auth/login
2026-06-01T09:13:51.476Z [INFO]: Connected to MySQL at 127.0.0.1
2026-06-01T09:13:51.546Z [WARN]: login error: User not found
2026-06-01T09:13:53.188Z [INFO]: verifyToken - path: /auth/login
2026-06-01T09:13:53.189Z [INFO]: verifyToken - skipping auth routes
2026-06-01T09:13:53.190Z [INFO]: user id:undefined, method:POST, url:/auth/login
2026-06-01T09:13:53.238Z [WARN]: login error: User not found
2026-06-01T09:13:54.372Z [INFO]: verifyToken - path: /auth/login
2026-06-01T09:13:54.373Z [INFO]: verifyToken - skipping auth routes
2026-06-01T09:13:54.373Z [INFO]: user id:undefined, method:POST, url:/auth/login
2026-06-01T09:13:54.389Z [WARN]: login error: User not found
2026-06-01T10:05:15.394Z [INFO]: verifyToken - path: /auth/login
2026-06-01T10:05:15.396Z [INFO]: verifyToken - skipping auth routes
2026-06-01T10:05:15.397Z [INFO]: user id:undefined, method:POST, url:/auth/login
2026-06-01T10:05:16.403Z [INFO]: verifyToken - path: /auth/login
2026-06-01T10:05:16.404Z [INFO]: verifyToken - skipping auth routes
2026-06-01T10:05:16.406Z [INFO]: user id:undefined, method:POST, url:/auth/login
2026-06-01T10:05:16.465Z [INFO]: login successful for national id: 987654321 form institution: 123
2026-06-01T10:05:17.184Z [INFO]: login successful for national id: 987654321 form institution: 123
2026-06-01T11:13:57.491Z [INFO]: verifyToken - path: /auth/register
2026-06-01T11:13:57.493Z [INFO]: verifyToken - skipping auth routes
2026-06-01T11:13:57.494Z [INFO]: user id:undefined, method:POST, url:/auth/register
2026-06-01T11:13:57.509Z [INFO]: Connected to MySQL at undefined
2026-06-01T11:13:57.541Z [INFO]: in cotroller - sign up
2026-06-01T11:13:57.842Z [INFO]: addUser called for user: מנהל מוסד
2026-06-01T11:13:57.868Z [INFO]: addUser successful, user id: 1
2026-06-01T11:13:57.885Z [INFO]: register successful for national id: 123456789
2026-06-01T11:14:21.257Z [INFO]: verifyToken - path: /auth/login
2026-06-01T11:14:21.258Z [INFO]: verifyToken - skipping auth routes
2026-06-01T11:14:21.259Z [INFO]: user id:undefined, method:POST, url:/auth/login
2026-06-01T11:14:21.592Z [INFO]: login successful for national id: 123456789 form institution: 123
2026-06-01T11:20:32.817Z [INFO]: verifyToken - path: /auth/login
2026-06-01T11:20:32.819Z [INFO]: verifyToken - skipping auth routes
2026-06-01T11:20:32.820Z [INFO]: user id:undefined, method:POST, url:/auth/login
2026-06-01T11:20:32.838Z [INFO]: Connected to MySQL at undefined
2026-06-01T11:20:33.200Z [INFO]: login successful for national id: 123456789 form institution: 123
2026-06-01T11:20:35.365Z [INFO]: verifyToken - path: /users/1
2026-06-01T11:20:35.369Z [INFO]: verifyToken - successful for user: undefined (id number: 1)
2026-06-01T11:20:35.370Z [INFO]: user id:undefined, method:GET, url:/users/1
2026-06-01T11:20:35.372Z [INFO]: in require role middleware
2026-06-01T11:20:35.385Z [INFO]: roles for user id:1,  roles: principal
2026-06-01T11:22:18.732Z [INFO]: verifyToken - path: /auth/login
2026-06-01T11:22:18.735Z [INFO]: verifyToken - skipping auth routes
2026-06-01T11:22:18.736Z [INFO]: user id:undefined, method:POST, url:/auth/login
2026-06-01T11:22:18.770Z [INFO]: Connected to MySQL at undefined
2026-06-01T11:22:19.094Z [INFO]: login successful for national id: 123456789 form institution: 123
2026-06-01T11:22:20.875Z [INFO]: verifyToken - path: /users/1
2026-06-01T11:22:20.880Z [INFO]: verifyToken - successful for user: undefined (id number: 1)
2026-06-01T11:22:20.881Z [INFO]: user id:undefined, method:GET, url:/users/1
2026-06-01T11:22:20.884Z [INFO]: in require role middleware
2026-06-01T11:22:20.893Z [INFO]: roles for user id:1,  roles: principal
2026-06-01T11:24:08.100Z [INFO]: verifyToken - path: /auth/login
2026-06-01T11:24:08.102Z [INFO]: verifyToken - skipping auth routes
2026-06-01T11:24:08.103Z [INFO]: user id:undefined, method:POST, url:/auth/login
2026-06-01T11:24:08.122Z [INFO]: Connected to MySQL at undefined
2026-06-01T11:24:08.450Z [INFO]: login successful for national id: 123456789 form institution: 123
2026-06-01T11:24:10.053Z [INFO]: verifyToken - path: /users/1
2026-06-01T11:24:10.058Z [INFO]: verifyToken - successful for user: undefined (id number: 1)
2026-06-01T11:24:10.059Z [INFO]: user id:undefined, method:GET, url:/users/1
2026-06-01T11:24:10.061Z [INFO]: in require role middleware
2026-06-01T11:24:10.066Z [INFO]: roles for user id:1,  roles: principal
2026-06-01T11:27:58.901Z [INFO]: verifyToken - path: /auth/login
2026-06-01T11:27:58.903Z [INFO]: verifyToken - skipping auth routes
2026-06-01T11:27:58.904Z [INFO]: user id:undefined, method:POST, url:/auth/login
2026-06-01T11:27:58.921Z [INFO]: Connected to MySQL at undefined
2026-06-01T11:27:59.280Z [INFO]: login successful for national id: 123456789 form institution: 123
2026-06-01T11:28:01.100Z [INFO]: verifyToken - path: /users/1
2026-06-01T11:28:01.105Z [INFO]: verifyToken - successful for user: undefined (id number: 1)
2026-06-01T11:28:01.107Z [INFO]: user id:undefined, method:GET, url:/users/1
2026-06-01T11:28:01.108Z [INFO]: in require role middleware
2026-06-01T11:28:01.116Z [INFO]: roles for user id:1,  roles: principal
2026-06-01T11:30:06.451Z [INFO]: verifyToken - path: /auth/login
2026-06-01T11:30:06.453Z [INFO]: verifyToken - skipping auth routes
2026-06-01T11:30:06.454Z [INFO]: user id:undefined, method:POST, url:/auth/login
2026-06-01T11:30:06.469Z [INFO]: Connected to MySQL at undefined
2026-06-01T11:30:06.784Z [INFO]: login successful for national id: 123456789 form institution: 123
2026-06-01T11:30:08.594Z [INFO]: verifyToken - path: /users/1
2026-06-01T11:30:08.599Z [INFO]: verifyToken - successful for user: undefined (id number: 1)
2026-06-01T11:30:08.600Z [INFO]: user id:undefined, method:GET, url:/users/1
2026-06-01T11:30:08.602Z [INFO]: in require role middleware
2026-06-01T11:30:08.620Z [INFO]: roles for user id:1,  roles: principal
2026-06-01T11:31:54.707Z [INFO]: verifyToken - path: /users/1
2026-06-01T11:31:54.709Z [INFO]: verifyToken - successful for user: undefined (id number: 1)
2026-06-01T11:31:54.709Z [INFO]: user id:undefined, method:GET, url:/users/1
2026-06-01T11:31:54.710Z [INFO]: in require role middleware
2026-06-01T11:31:54.713Z [INFO]: roles for user id:1,  roles: principal
2026-06-01T11:32:28.054Z [INFO]: verifyToken - path: /users/1
2026-06-01T11:32:28.056Z [INFO]: verifyToken - successful for user: undefined (id number: 1)
2026-06-01T11:32:28.056Z [INFO]: user id:undefined, method:GET, url:/users/1
2026-06-01T11:32:28.057Z [INFO]: in require role middleware
2026-06-01T11:32:28.062Z [INFO]: roles for user id:1,  roles: principal
2026-06-01T11:34:17.169Z [INFO]: verifyToken - path: /users/1
2026-06-01T11:34:17.170Z [INFO]: verifyToken - successful for user: undefined (id number: 1)
2026-06-01T11:34:17.170Z [INFO]: user id:undefined, method:GET, url:/users/1
2026-06-01T11:34:17.171Z [INFO]: in require role middleware
2026-06-01T11:34:17.175Z [INFO]: roles for user id:1,  roles: principal
2026-06-01T11:34:52.158Z [INFO]: verifyToken - path: /users/1
2026-06-01T11:34:52.159Z [INFO]: verifyToken - successful for user: undefined (id number: 1)
2026-06-01T11:34:52.160Z [INFO]: user id:undefined, method:GET, url:/users/1
2026-06-01T11:34:52.161Z [INFO]: in require role middleware
2026-06-01T11:34:52.164Z [INFO]: roles for user id:1,  roles: principal
