2026-06-06T19:53:33.230Z [INFO]: verifyToken - path: /auth/login
2026-06-06T19:53:33.233Z [INFO]: verifyToken - skipping auth routes
2026-06-06T19:53:33.234Z [INFO]: user id:undefined, method:POST, url:/auth/login
2026-06-06T19:53:33.316Z [INFO]: Connected to MySQL at 127.0.0.1
2026-06-06T19:53:33.613Z [INFO]: login successful for national id: 123456789 form institution: 410011
2026-06-06T19:53:47.469Z [INFO]: verifyToken - path: /trips/new
2026-06-06T19:53:47.503Z [INFO]: verifyToken - successful for user: principal (id number: 1)
2026-06-06T19:53:47.503Z [INFO]: user id:undefined, method:GET, url:/trips/new
2026-06-06T19:53:47.505Z [INFO]: in require role middleware
2026-06-06T19:53:47.507Z [INFO]: roles for user id:1,  roles: principal
2026-06-06T19:53:47.544Z [INFO]: getAll trips by userId: new
2026-06-06T19:53:47.544Z [INFO]: get trip by id: new and userId: 1
2026-06-06T19:53:47.544Z [WARN]: error: tripId is not defined
2026-06-06T19:55:20.160Z [INFO]: verifyToken - path: /auth/login
2026-06-06T19:55:20.161Z [INFO]: verifyToken - skipping auth routes
2026-06-06T19:55:20.161Z [INFO]: user id:undefined, method:POST, url:/auth/login
2026-06-06T19:55:20.360Z [INFO]: login successful for national id: 123456789 form institution: 410011
2026-06-06T19:55:44.388Z [INFO]: verifyToken - path: /auth/login
2026-06-06T19:55:44.388Z [INFO]: verifyToken - skipping auth routes
2026-06-06T19:55:44.388Z [INFO]: user id:undefined, method:POST, url:/auth/login
2026-06-06T19:55:44.591Z [INFO]: login successful for national id: 123456789 form institution: 410011
2026-06-06T20:00:51.436Z [INFO]: verifyToken - path: /auth/login
2026-06-06T20:00:51.439Z [INFO]: verifyToken - skipping auth routes
2026-06-06T20:00:51.439Z [INFO]: user id:undefined, method:POST, url:/auth/login
2026-06-06T20:00:51.712Z [INFO]: login successful for national id: 123456789 form institution: 410011
2026-06-06T20:01:03.637Z [INFO]: verifyToken - path: /users/1
2026-06-06T20:01:03.644Z [INFO]: verifyToken - successful for user: principal (id number: 1)
2026-06-06T20:01:03.644Z [INFO]: user id:undefined, method:GET, url:/users/1
2026-06-06T20:01:03.646Z [INFO]: in require role middleware
2026-06-06T20:01:03.649Z [INFO]: roles for user id:1,  roles: principal
2026-06-06T20:01:03.656Z [INFO]: getById users called with id: 1
2026-06-06T20:01:03.669Z [INFO]: getById users successful for id: 1
2026-06-06T20:01:08.121Z [INFO]: verifyToken - path: /users/1
2026-06-06T20:01:08.123Z [INFO]: verifyToken - successful for user: principal (id number: 1)
2026-06-06T20:01:08.124Z [INFO]: user id:undefined, method:GET, url:/users/1
2026-06-06T20:01:08.124Z [INFO]: in require role middleware
2026-06-06T20:01:08.134Z [INFO]: roles for user id:1,  roles: principal
2026-06-06T20:01:08.135Z [INFO]: getById users called with id: 1
2026-06-06T20:01:08.137Z [INFO]: getById users successful for id: 1
2026-06-06T20:02:48.607Z [INFO]: verifyToken - path: /auth/login
2026-06-06T20:02:48.609Z [INFO]: verifyToken - skipping auth routes
2026-06-06T20:02:48.609Z [INFO]: user id:undefined, method:POST, url:/auth/login
2026-06-06T20:02:48.818Z [INFO]: login successful for national id: 123456789 form institution: 410011
2026-06-06T20:02:58.549Z [INFO]: verifyToken - path: /trips/101
2026-06-06T20:02:58.550Z [INFO]: verifyToken - successful for user: principal (id number: 1)
2026-06-06T20:02:58.550Z [INFO]: user id:undefined, method:GET, url:/trips/101
2026-06-06T20:02:58.552Z [INFO]: in require role middleware
2026-06-06T20:02:58.555Z [INFO]: roles for user id:1,  roles: principal
2026-06-06T20:02:58.559Z [INFO]: getAll trips by userId: 101
2026-06-06T20:02:58.559Z [INFO]: get trip by id: 101 and userId: 1
2026-06-06T20:02:58.560Z [WARN]: error: tripId is not defined
