2026-06-04T11:01:13.311Z [INFO]: verifyToken - path: /trips
2026-06-04T11:01:13.314Z [WARN]: verifyToken - no token provided for path: /trips
2026-06-04T11:01:19.114Z [INFO]: verifyToken - path: /auth/login
2026-06-04T11:01:19.116Z [INFO]: verifyToken - skipping auth routes
2026-06-04T11:01:19.117Z [INFO]: user id:undefined, method:POST, url:/auth/login
2026-06-04T11:01:19.214Z [INFO]: Connected to MySQL at 127.0.0.1
2026-06-04T11:01:19.934Z [INFO]: login successful for national id: 123456789 form institution: 410011
2026-06-04T11:01:26.835Z [INFO]: verifyToken - path: /trips
2026-06-04T11:01:26.841Z [INFO]: verifyToken - successful for user: undefined (id number: 1)
2026-06-04T11:01:26.842Z [INFO]: user id:undefined, method:POST, url:/trips
2026-06-04T11:01:26.844Z [INFO]: in require role middleware
2026-06-04T11:01:26.859Z [INFO]: roles for user id:1,  roles: principal
2026-06-04T11:01:26.874Z [INFO]: getAll trips by userId: 123456789
2026-06-04T11:01:26.875Z [INFO]: get trip by id: 123456789 and userId: undefined
2026-06-04T11:01:26.882Z [WARN]: error: object is not iterable (cannot read property Symbol(Symbol.iterator)), from function addTrip in trips.service
2026-06-04T11:02:30.323Z [INFO]: verifyToken - path: /trips
2026-06-04T11:02:30.333Z [INFO]: verifyToken - successful for user: undefined (id number: 1)
2026-06-04T11:02:30.334Z [INFO]: user id:undefined, method:POST, url:/trips
2026-06-04T11:02:30.338Z [INFO]: in require role middleware
2026-06-04T11:02:30.363Z [INFO]: Connected to MySQL at 127.0.0.1
2026-06-04T11:03:13.305Z [INFO]: verifyToken - path: /auth/login
2026-06-04T11:03:13.306Z [INFO]: verifyToken - skipping auth routes
2026-06-04T11:03:13.307Z [INFO]: user id:undefined, method:POST, url:/auth/login
2026-06-04T11:03:13.923Z [INFO]: login successful for national id: 123456789 form institution: 410011
2026-06-04T11:03:17.179Z [INFO]: verifyToken - path: /trips
2026-06-04T11:03:17.181Z [INFO]: verifyToken - successful for user: undefined (id number: 1)
2026-06-04T11:03:17.182Z [INFO]: user id:undefined, method:POST, url:/trips
2026-06-04T11:03:17.183Z [INFO]: in require role middleware
2026-06-04T11:03:17.188Z [INFO]: roles for user id:1,  roles: principal
2026-06-04T11:03:17.195Z [INFO]: getAll trips by userId: 123456789
2026-06-04T11:03:17.197Z [INFO]: get trip by id: 123456789 and userId: undefined
2026-06-04T11:03:17.202Z [WARN]: error: object is not iterable (cannot read property Symbol(Symbol.iterator)), from function addTrip in trips.service
2026-06-04T11:05:08.356Z [INFO]: verifyToken - path: /auth/login
2026-06-04T11:05:08.359Z [INFO]: verifyToken - skipping auth routes
2026-06-04T11:05:08.361Z [INFO]: user id:undefined, method:POST, url:/auth/login
2026-06-04T11:05:08.383Z [INFO]: Connected to MySQL at 127.0.0.1
2026-06-04T11:05:08.982Z [INFO]: login successful for national id: 123456789 form institution: 410011
2026-06-04T11:05:13.260Z [INFO]: verifyToken - path: /trips
2026-06-04T11:05:13.267Z [INFO]: verifyToken - successful for user: undefined (id number: 1)
2026-06-04T11:05:13.268Z [INFO]: user id:undefined, method:POST, url:/trips
2026-06-04T11:05:13.270Z [INFO]: in require role middleware
2026-06-04T11:05:13.280Z [INFO]: roles for user id:1,  roles: principal
2026-06-04T11:05:13.290Z [INFO]: getAll trips by userId: 123456789
2026-06-04T11:05:13.291Z [INFO]: get trip by id: 123456789 and userId: undefined
2026-06-04T11:05:13.292Z [INFO]: the school id from add trip is: undefined
2026-06-04T11:05:13.296Z [WARN]: error: object is not iterable (cannot read property Symbol(Symbol.iterator)), from function addTrip in trips.service
2026-06-04T11:05:56.667Z [INFO]: verifyToken - path: /trips
2026-06-04T11:05:56.675Z [INFO]: verifyToken - successful for user: undefined (id number: 1)
2026-06-04T11:05:56.676Z [INFO]: user id:undefined, method:POST, url:/trips
2026-06-04T11:05:56.680Z [INFO]: in require role middleware
2026-06-04T11:05:56.705Z [INFO]: Connected to MySQL at 127.0.0.1
2026-06-04T11:06:26.623Z [INFO]: verifyToken - path: /auth/login
2026-06-04T11:06:26.629Z [INFO]: verifyToken - skipping auth routes
2026-06-04T11:06:26.630Z [INFO]: user id:undefined, method:POST, url:/auth/login
2026-06-04T11:06:26.652Z [INFO]: Connected to MySQL at 127.0.0.1
2026-06-04T11:06:27.241Z [INFO]: login successful for national id: 123456789 form institution: 410011
2026-06-04T11:06:30.743Z [INFO]: verifyToken - path: /trips
2026-06-04T11:06:30.746Z [INFO]: verifyToken - successful for user: undefined (id number: 1)
2026-06-04T11:06:30.748Z [INFO]: user id:undefined, method:POST, url:/trips
2026-06-04T11:06:30.750Z [INFO]: in require role middleware
2026-06-04T11:06:30.757Z [INFO]: roles for user id:1,  roles: principal
2026-06-04T11:06:30.766Z [INFO]: getAll trips by userId: 123456789
2026-06-04T11:06:30.766Z [INFO]: get trip by id: 123456789 and userId: undefined
2026-06-04T11:06:30.767Z [WARN]: error: school_id is not defined, from function addTrip in trips.service
2026-06-04T11:06:30.767Z [WARN]: creating trip failed
2026-06-04T11:07:13.939Z [INFO]: verifyToken - path: /auth/login
2026-06-04T11:07:13.942Z [INFO]: verifyToken - skipping auth routes
2026-06-04T11:07:13.943Z [INFO]: user id:undefined, method:POST, url:/auth/login
2026-06-04T11:07:13.964Z [INFO]: Connected to MySQL at 127.0.0.1
2026-06-04T11:07:14.568Z [INFO]: login successful for national id: 123456789 form institution: 410011
2026-06-04T11:07:18.453Z [INFO]: verifyToken - path: /trips
2026-06-04T11:07:18.457Z [INFO]: verifyToken - successful for user: undefined (id number: 1)
2026-06-04T11:07:18.457Z [INFO]: user id:undefined, method:POST, url:/trips
2026-06-04T11:07:18.459Z [INFO]: in require role middleware
2026-06-04T11:07:18.473Z [INFO]: roles for user id:1,  roles: principal
2026-06-04T11:07:18.485Z [INFO]: getAll trips by userId: 123456789
2026-06-04T11:07:18.493Z [INFO]: get trip by id: 123456789 and userId: undefined
2026-06-04T11:07:18.495Z [INFO]: the school id from add trip is: undefined
2026-06-04T11:07:18.497Z [WARN]: error: Cannot read properties of undefined (reading 'school_id'), from function addTrip in trips.service
2026-06-04T11:07:18.498Z [WARN]: creating trip failed
2026-06-04T11:08:09.852Z [INFO]: verifyToken - path: /auth/login
2026-06-04T11:08:09.856Z [INFO]: verifyToken - skipping auth routes
2026-06-04T11:08:09.857Z [INFO]: user id:undefined, method:POST, url:/auth/login
2026-06-04T11:08:09.876Z [INFO]: Connected to MySQL at 127.0.0.1
2026-06-04T11:08:10.432Z [INFO]: login successful for national id: 123456789 form institution: 410011
2026-06-04T11:08:15.319Z [INFO]: verifyToken - path: /trips
2026-06-04T11:08:15.325Z [INFO]: verifyToken - successful for user: undefined (id number: 1)
2026-06-04T11:08:15.325Z [INFO]: user id:undefined, method:POST, url:/trips
2026-06-04T11:08:15.329Z [INFO]: in require role middleware
2026-06-04T11:08:15.342Z [INFO]: roles for user id:1,  roles: principal
2026-06-04T11:08:15.361Z [INFO]: getAll trips by userId: 123456789
2026-06-04T11:08:15.362Z [INFO]: get trip by id: 123456789 and userId: undefined
2026-06-04T11:08:15.363Z [INFO]: the school id from add trip is: 
2026-06-04T11:08:15.368Z [WARN]: error: object is not iterable (cannot read property Symbol(Symbol.iterator)), from function addTrip in trips.service
2026-06-04T11:08:44.458Z [INFO]: verifyToken - path: /auth/login
2026-06-04T11:08:44.461Z [INFO]: verifyToken - skipping auth routes
2026-06-04T11:08:44.462Z [INFO]: user id:undefined, method:POST, url:/auth/login
2026-06-04T11:08:44.481Z [INFO]: Connected to MySQL at 127.0.0.1
2026-06-04T11:08:45.042Z [INFO]: login successful for national id: 123456789 form institution: 410011
2026-06-04T11:08:47.939Z [INFO]: verifyToken - path: /trips
2026-06-04T11:08:47.943Z [INFO]: verifyToken - successful for user: undefined (id number: 1)
2026-06-04T11:08:47.944Z [INFO]: user id:undefined, method:POST, url:/trips
2026-06-04T11:08:47.945Z [INFO]: in require role middleware
2026-06-04T11:08:47.958Z [INFO]: roles for user id:1,  roles: principal
2026-06-04T11:08:47.964Z [INFO]: getAll trips by userId: 123456789
2026-06-04T11:08:47.966Z [INFO]: get trip by id: 123456789 and userId: undefined
2026-06-04T11:08:47.967Z [INFO]: the school id from add trip is: 
2026-06-04T11:10:33.929Z [INFO]: verifyToken - path: /auth/login
2026-06-04T11:10:33.932Z [INFO]: verifyToken - skipping auth routes
2026-06-04T11:10:33.933Z [INFO]: user id:undefined, method:POST, url:/auth/login
2026-06-04T11:10:33.956Z [INFO]: Connected to MySQL at 127.0.0.1
2026-06-04T11:10:34.579Z [INFO]: login successful for national id: 123456789 form institution: 410011
2026-06-04T11:10:39.862Z [INFO]: verifyToken - path: /trips
2026-06-04T11:10:39.866Z [INFO]: verifyToken - successful for user: undefined (id number: 1)
2026-06-04T11:10:39.867Z [INFO]: user id:undefined, method:POST, url:/trips
2026-06-04T11:10:39.871Z [INFO]: in require role middleware
2026-06-04T11:10:39.883Z [INFO]: roles for user id:1,  roles: principal
2026-06-04T11:10:39.886Z [INFO]: getById users called with id: 123456789
2026-06-04T11:10:39.891Z [ERROR]: getById users error: User not found
2026-06-04T11:10:39.891Z [WARN]: error: User not found, from function addTrip in trips.service
2026-06-04T11:10:39.892Z [WARN]: creating trip failed
2026-06-04T11:13:46.232Z [INFO]: verifyToken - path: /auth/login
2026-06-04T11:13:46.239Z [INFO]: verifyToken - skipping auth routes
2026-06-04T11:13:46.242Z [INFO]: user id:undefined, method:POST, url:/auth/login
2026-06-04T11:13:46.284Z [INFO]: Connected to MySQL at 127.0.0.1
2026-06-04T11:13:47.274Z [INFO]: login successful for national id: 123456789 form institution: 410011
2026-06-04T11:13:50.569Z [INFO]: verifyToken - path: /trips
2026-06-04T11:13:50.573Z [INFO]: verifyToken - successful for user: undefined (id number: 1)
2026-06-04T11:13:50.574Z [INFO]: user id:undefined, method:POST, url:/trips
2026-06-04T11:13:50.577Z [INFO]: in require role middleware
2026-06-04T11:13:50.592Z [INFO]: roles for user id:1,  roles: principal
2026-06-04T11:13:50.598Z [WARN]: error: usersRepo.getByNationalId is not a function, from function addTrip in trips.service
2026-06-04T11:13:50.599Z [WARN]: creating trip failed
2026-06-04T11:14:23.179Z [INFO]: verifyToken - path: /auth/login
2026-06-04T11:14:23.182Z [INFO]: verifyToken - skipping auth routes
2026-06-04T11:14:23.184Z [INFO]: user id:undefined, method:POST, url:/auth/login
2026-06-04T11:14:23.203Z [INFO]: Connected to MySQL at 127.0.0.1
2026-06-04T11:14:23.821Z [INFO]: login successful for national id: 123456789 form institution: 410011
2026-06-04T11:14:26.102Z [INFO]: verifyToken - path: /trips
2026-06-04T11:14:26.106Z [INFO]: verifyToken - successful for user: undefined (id number: 1)
2026-06-04T11:14:26.107Z [INFO]: user id:undefined, method:POST, url:/trips
2026-06-04T11:14:26.110Z [INFO]: in require role middleware
2026-06-04T11:14:26.129Z [INFO]: roles for user id:1,  roles: principal
2026-06-04T11:14:26.132Z [INFO]: getById users called with id: 123456789
2026-06-04T11:14:26.138Z [ERROR]: getById users error: id is not defined
2026-06-04T11:14:26.139Z [WARN]: error: id is not defined, from function addTrip in trips.service
2026-06-04T11:14:26.139Z [WARN]: creating trip failed
2026-06-04T11:14:59.480Z [INFO]: verifyToken - path: /auth/login
2026-06-04T11:14:59.482Z [INFO]: verifyToken - skipping auth routes
2026-06-04T11:14:59.483Z [INFO]: user id:undefined, method:POST, url:/auth/login
2026-06-04T11:14:59.528Z [INFO]: Connected to MySQL at 127.0.0.1
2026-06-04T11:15:00.089Z [INFO]: login successful for national id: 123456789 form institution: 410011
2026-06-04T11:15:02.427Z [INFO]: verifyToken - path: /trips
2026-06-04T11:15:02.431Z [INFO]: verifyToken - successful for user: undefined (id number: 1)
2026-06-04T11:15:02.431Z [INFO]: user id:undefined, method:POST, url:/trips
2026-06-04T11:15:02.434Z [INFO]: in require role middleware
2026-06-04T11:15:02.445Z [INFO]: roles for user id:1,  roles: principal
2026-06-04T11:15:02.447Z [INFO]: getById users called with id: 123456789
2026-06-04T11:15:02.452Z [INFO]: getById users successful for national id: 123456789
2026-06-04T11:15:02.453Z [WARN]: error: (intermediate value) is not iterable, from function addTrip in trips.service
2026-06-04T11:15:02.454Z [WARN]: creating trip failed
2026-06-04T11:17:34.081Z [INFO]: verifyToken - path: /auth/login
2026-06-04T11:17:34.083Z [INFO]: verifyToken - skipping auth routes
2026-06-04T11:17:34.083Z [INFO]: user id:undefined, method:POST, url:/auth/login
2026-06-04T11:17:34.095Z [INFO]: Connected to MySQL at 127.0.0.1
2026-06-04T11:17:34.418Z [INFO]: login successful for national id: 123456789 form institution: 410011
2026-06-04T11:17:38.170Z [INFO]: verifyToken - path: /trips
2026-06-04T11:17:38.174Z [INFO]: verifyToken - successful for user: undefined (id number: 1)
2026-06-04T11:17:38.175Z [INFO]: user id:undefined, method:POST, url:/trips
2026-06-04T11:17:38.178Z [INFO]: in require role middleware
2026-06-04T11:17:38.193Z [INFO]: roles for user id:1,  roles: principal
2026-06-04T11:17:38.195Z [INFO]: getById users called with id: 123456789
2026-06-04T11:17:38.200Z [INFO]: getById users successful for national id: 123456789
2026-06-04T11:17:38.201Z [INFO]: the school id from add trip is: null
2026-06-04T11:17:38.207Z [WARN]: error: object is not iterable (cannot read property Symbol(Symbol.iterator)), from function addTrip in trips.service
2026-06-04T11:18:22.194Z [INFO]: verifyToken - path: /auth/login
2026-06-04T11:18:22.197Z [INFO]: verifyToken - skipping auth routes
2026-06-04T11:18:22.199Z [INFO]: user id:undefined, method:POST, url:/auth/login
2026-06-04T11:18:22.217Z [INFO]: Connected to MySQL at 127.0.0.1
2026-06-04T11:18:22.813Z [INFO]: login successful for national id: 123456789 form institution: 410011
2026-06-04T11:18:26.080Z [INFO]: verifyToken - path: /trips
2026-06-04T11:18:26.084Z [INFO]: verifyToken - successful for user: undefined (id number: 1)
2026-06-04T11:18:26.084Z [INFO]: user id:undefined, method:POST, url:/trips
2026-06-04T11:18:26.086Z [INFO]: in require role middleware
2026-06-04T11:18:26.094Z [INFO]: roles for user id:1,  roles: principal
2026-06-04T11:18:26.097Z [INFO]: getById users called with id: 123456789
2026-06-04T11:18:26.102Z [INFO]: getById users successful for national id: 123456789
2026-06-04T11:18:26.103Z [INFO]: the school id from add trip is: 1
2026-06-04T11:18:26.107Z [WARN]: error: object is not iterable (cannot read property Symbol(Symbol.iterator)), from function addTrip in trips.service
2026-06-04T11:20:03.142Z [INFO]: verifyToken - path: /auth/login
2026-06-04T11:20:03.145Z [INFO]: verifyToken - skipping auth routes
2026-06-04T11:20:03.146Z [INFO]: user id:undefined, method:POST, url:/auth/login
2026-06-04T11:20:03.174Z [INFO]: Connected to MySQL at 127.0.0.1
2026-06-04T11:20:03.783Z [INFO]: login successful for national id: 123456789 form institution: 410011
2026-06-04T11:20:06.510Z [INFO]: verifyToken - path: /trips
2026-06-04T11:20:06.513Z [INFO]: verifyToken - successful for user: undefined (id number: 1)
2026-06-04T11:20:06.514Z [INFO]: user id:undefined, method:POST, url:/trips
2026-06-04T11:20:06.516Z [INFO]: in require role middleware
2026-06-04T11:20:06.525Z [INFO]: roles for user id:1,  roles: principal
2026-06-04T11:20:06.528Z [INFO]: getById users called with id: 123456789
2026-06-04T11:20:06.534Z [INFO]: getById users successful for national id: 123456789
2026-06-04T11:20:06.534Z [INFO]: the school id from add trip is: 1
2026-06-04T11:20:06.538Z [WARN]: error: object is not iterable (cannot read property Symbol(Symbol.iterator)), from function addTrip in trips.service
2026-06-04T11:21:16.162Z [INFO]: verifyToken - path: /auth/login
2026-06-04T11:21:16.166Z [INFO]: verifyToken - skipping auth routes
2026-06-04T11:21:16.167Z [INFO]: user id:undefined, method:POST, url:/auth/login
2026-06-04T11:21:16.186Z [INFO]: Connected to MySQL at 127.0.0.1
2026-06-04T11:21:16.752Z [INFO]: login successful for national id: 123456789 form institution: 410011
2026-06-04T11:21:20.522Z [INFO]: verifyToken - path: /trips
2026-06-04T11:21:20.526Z [INFO]: verifyToken - successful for user: undefined (id number: 1)
2026-06-04T11:21:20.527Z [INFO]: user id:undefined, method:POST, url:/trips
2026-06-04T11:21:20.529Z [INFO]: in require role middleware
2026-06-04T11:21:20.542Z [INFO]: roles for user id:1,  roles: principal
2026-06-04T11:21:20.544Z [INFO]: getById users called with id: 123456789
2026-06-04T11:21:20.551Z [INFO]: getById users successful for national id: 123456789
2026-06-04T11:21:20.551Z [INFO]: the school id from add trip is: 1
2026-06-04T11:21:20.556Z [WARN]: error: object is not iterable (cannot read property Symbol(Symbol.iterator)), from function addTrip in trips.service
2026-06-04T11:22:03.011Z [INFO]: verifyToken - path: /auth/login
2026-06-04T11:22:03.015Z [INFO]: verifyToken - skipping auth routes
2026-06-04T11:22:03.017Z [INFO]: user id:undefined, method:POST, url:/auth/login
2026-06-04T11:22:03.040Z [INFO]: Connected to MySQL at 127.0.0.1
2026-06-04T11:22:03.678Z [INFO]: login successful for national id: 123456789 form institution: 410011
2026-06-04T11:22:06.012Z [INFO]: verifyToken - path: /trips
2026-06-04T11:22:06.016Z [INFO]: verifyToken - successful for user: undefined (id number: 1)
2026-06-04T11:22:06.017Z [INFO]: user id:undefined, method:POST, url:/trips
2026-06-04T11:22:06.019Z [INFO]: in require role middleware
2026-06-04T11:22:06.026Z [INFO]: roles for user id:1,  roles: principal
2026-06-04T11:22:06.031Z [INFO]: getById users called with id: 123456789
2026-06-04T11:22:06.035Z [INFO]: getById users successful for national id: 123456789
2026-06-04T11:22:06.036Z [INFO]: the school id from add trip is: 1
2026-06-04T11:22:06.040Z [WARN]: error: object is not iterable (cannot read property Symbol(Symbol.iterator)), from function addTrip in trips.service
2026-06-04T11:22:44.181Z [INFO]: verifyToken - path: /auth/login
2026-06-04T11:22:44.185Z [INFO]: verifyToken - skipping auth routes
2026-06-04T11:22:44.186Z [INFO]: user id:undefined, method:POST, url:/auth/login
2026-06-04T11:22:44.205Z [INFO]: Connected to MySQL at 127.0.0.1
2026-06-04T11:22:44.767Z [INFO]: login successful for national id: 123456789 form institution: 410011
2026-06-04T11:22:47.139Z [INFO]: verifyToken - path: /trips
2026-06-04T11:22:47.142Z [INFO]: verifyToken - successful for user: undefined (id number: 1)
2026-06-04T11:22:47.144Z [INFO]: user id:undefined, method:POST, url:/trips
2026-06-04T11:22:47.147Z [INFO]: in require role middleware
2026-06-04T11:22:47.152Z [INFO]: roles for user id:1,  roles: principal
2026-06-04T11:22:47.155Z [INFO]: getById users called with id: 123456789
2026-06-04T11:22:47.161Z [INFO]: getById users successful for national id: 123456789
2026-06-04T11:22:47.161Z [INFO]: the school id from add trip is: 1
2026-06-04T11:23:55.760Z [INFO]: verifyToken - path: /auth/login
2026-06-04T11:23:55.763Z [INFO]: verifyToken - skipping auth routes
2026-06-04T11:23:55.764Z [INFO]: user id:undefined, method:POST, url:/auth/login
2026-06-04T11:23:55.784Z [INFO]: Connected to MySQL at 127.0.0.1
2026-06-04T11:23:56.399Z [INFO]: login successful for national id: 123456789 form institution: 410011
2026-06-04T11:23:59.056Z [INFO]: verifyToken - path: /trips
2026-06-04T11:23:59.060Z [INFO]: verifyToken - successful for user: undefined (id number: 1)
2026-06-04T11:23:59.060Z [INFO]: user id:undefined, method:POST, url:/trips
2026-06-04T11:23:59.062Z [INFO]: in require role middleware
2026-06-04T11:23:59.070Z [INFO]: roles for user id:1,  roles: principal
2026-06-04T11:23:59.074Z [INFO]: getById users called with id: 123456789
2026-06-04T11:23:59.078Z [INFO]: getById users successful for national id: 123456789
2026-06-04T11:23:59.079Z [INFO]: the school id from add trip is: 1
2026-06-04T11:23:59.083Z [WARN]: error: object is not iterable (cannot read property Symbol(Symbol.iterator)), from function addTrip in trips.service
2026-06-04T11:24:54.193Z [INFO]: verifyToken - path: /auth/login
2026-06-04T11:24:54.197Z [INFO]: verifyToken - skipping auth routes
2026-06-04T11:24:54.198Z [INFO]: user id:undefined, method:POST, url:/auth/login
2026-06-04T11:24:54.218Z [INFO]: Connected to MySQL at 127.0.0.1
2026-06-04T11:24:54.809Z [INFO]: login successful for national id: 123456789 form institution: 410011
2026-06-04T11:25:09.847Z [INFO]: verifyToken - path: /trips
2026-06-04T11:25:09.852Z [INFO]: verifyToken - successful for user: undefined (id number: 1)
2026-06-04T11:25:09.853Z [INFO]: user id:undefined, method:POST, url:/trips
2026-06-04T11:25:09.855Z [INFO]: in require role middleware
2026-06-04T11:25:09.864Z [INFO]: roles for user id:1,  roles: principal
2026-06-04T11:25:09.866Z [INFO]: getById users called with id: 123456789
2026-06-04T11:25:09.871Z [INFO]: getById users successful for national id: 123456789
2026-06-04T11:25:09.872Z [INFO]: the school id from add trip is: 1
2026-06-04T11:25:09.877Z [WARN]: error: object is not iterable (cannot read property Symbol(Symbol.iterator)), from function addTrip in trips.service
2026-06-04T11:25:09.877Z [WARN]: creating trip failed
2026-06-04T11:26:51.232Z [INFO]: verifyToken - path: /auth/login
2026-06-04T11:26:51.235Z [INFO]: verifyToken - skipping auth routes
2026-06-04T11:26:51.238Z [INFO]: user id:undefined, method:POST, url:/auth/login
2026-06-04T11:26:51.265Z [INFO]: Connected to MySQL at 127.0.0.1
2026-06-04T11:26:51.859Z [INFO]: login successful for national id: 123456789 form institution: 410011
2026-06-04T11:26:53.992Z [INFO]: verifyToken - path: /trips
2026-06-04T11:26:53.996Z [INFO]: verifyToken - successful for user: undefined (id number: 1)
2026-06-04T11:26:53.997Z [INFO]: user id:undefined, method:POST, url:/trips
2026-06-04T11:26:53.999Z [INFO]: in require role middleware
2026-06-04T11:26:54.007Z [INFO]: roles for user id:1,  roles: principal
2026-06-04T11:26:54.009Z [INFO]: getById users called with id: 123456789
2026-06-04T11:26:54.013Z [INFO]: getById users successful for national id: 123456789
2026-06-04T11:26:54.013Z [INFO]: the school id from add trip is: 1
2026-06-04T11:26:54.017Z [WARN]: error: object is not iterable (cannot read property Symbol(Symbol.iterator)), from function addTrip in trips.service
2026-06-04T11:26:54.017Z [WARN]: creating trip failed
2026-06-04T11:35:47.366Z [INFO]: verifyToken - path: /auth/login
2026-06-04T11:35:47.369Z [INFO]: verifyToken - skipping auth routes
2026-06-04T11:35:47.371Z [INFO]: user id:undefined, method:POST, url:/auth/login
2026-06-04T11:35:47.435Z [INFO]: Connected to MySQL at 127.0.0.1
2026-06-04T11:35:48.129Z [INFO]: login successful for national id: 123456789 form institution: 410011
2026-06-04T11:35:52.886Z [INFO]: verifyToken - path: /trips
2026-06-04T11:35:52.893Z [INFO]: verifyToken - successful for user: undefined (id number: 1)
2026-06-04T11:35:52.894Z [INFO]: user id:undefined, method:POST, url:/trips
2026-06-04T11:35:52.897Z [INFO]: in require role middleware
2026-06-04T11:35:52.911Z [INFO]: roles for user id:1,  roles: principal
2026-06-04T11:35:52.914Z [INFO]: getById users called with id: 123456789
2026-06-04T11:35:52.921Z [INFO]: getById users successful for national id: 123456789
2026-06-04T11:35:52.922Z [INFO]: the school id from add trip is: 1
2026-06-04T11:35:52.929Z [WARN]: error: object is not iterable (cannot read property Symbol(Symbol.iterator)), from function addTrip in trips.service
2026-06-04T11:35:52.930Z [WARN]: creating trip failed
2026-06-04T11:42:32.662Z [INFO]: verifyToken - path: /auth/login
2026-06-04T11:42:32.665Z [INFO]: verifyToken - skipping auth routes
2026-06-04T11:42:32.666Z [INFO]: user id:undefined, method:POST, url:/auth/login
2026-06-04T11:42:32.688Z [INFO]: Connected to MySQL at 127.0.0.1
2026-06-04T11:42:33.264Z [INFO]: login successful for national id: 123456789 form institution: 410011
2026-06-04T11:42:36.189Z [INFO]: verifyToken - path: /trips
2026-06-04T11:42:36.193Z [INFO]: verifyToken - successful for user: undefined (id number: 1)
2026-06-04T11:42:36.194Z [INFO]: user id:undefined, method:POST, url:/trips
2026-06-04T11:42:36.196Z [INFO]: in require role middleware
2026-06-04T11:42:36.216Z [INFO]: roles for user id:1,  roles: principal
2026-06-04T11:42:36.219Z [INFO]: getById users called with id: 123456789
2026-06-04T11:42:36.224Z [INFO]: getById users successful for national id: 123456789
2026-06-04T11:42:36.225Z [INFO]: the school id from add trip is: 1
2026-06-04T11:42:36.230Z [WARN]: error: object is not iterable (cannot read property Symbol(Symbol.iterator)), from function addTrip in trips.service
2026-06-04T11:42:36.231Z [WARN]: creating trip failed
2026-06-04T11:45:38.825Z [INFO]: verifyToken - path: /auth/login
2026-06-04T11:45:38.827Z [INFO]: verifyToken - skipping auth routes
2026-06-04T11:45:38.827Z [INFO]: user id:undefined, method:POST, url:/auth/login
2026-06-04T11:45:39.436Z [INFO]: login successful for national id: 123456789 form institution: 410011
2026-06-04T11:45:43.056Z [INFO]: verifyToken - path: /trips
2026-06-04T11:45:43.057Z [INFO]: verifyToken - successful for user: undefined (id number: 1)
2026-06-04T11:45:43.058Z [INFO]: user id:undefined, method:POST, url:/trips
2026-06-04T11:45:43.059Z [INFO]: in require role middleware
2026-06-04T11:45:43.065Z [INFO]: roles for user id:1,  roles: principal
2026-06-04T11:45:43.066Z [INFO]: getById users called with id: 123456789
2026-06-04T11:45:43.069Z [INFO]: getById users successful for national id: 123456789
2026-06-04T11:45:43.071Z [INFO]: the school id from add trip is: 1
2026-06-04T11:45:43.075Z [WARN]: error: object is not iterable (cannot read property Symbol(Symbol.iterator)), from function addTrip in trips.service
2026-06-04T11:45:43.076Z [WARN]: creating trip failed
2026-06-04T11:46:10.576Z [INFO]: verifyToken - path: /auth/login
2026-06-04T11:46:10.579Z [INFO]: verifyToken - skipping auth routes
2026-06-04T11:46:10.580Z [INFO]: user id:undefined, method:POST, url:/auth/login
2026-06-04T11:46:10.597Z [INFO]: Connected to MySQL at 127.0.0.1
2026-06-04T11:46:11.160Z [INFO]: login successful for national id: 123456789 form institution: 410011
2026-06-04T11:46:17.968Z [INFO]: verifyToken - path: /trips
2026-06-04T11:46:17.973Z [INFO]: verifyToken - successful for user: undefined (id number: 1)
2026-06-04T11:46:17.974Z [INFO]: user id:undefined, method:POST, url:/trips
2026-06-04T11:46:17.976Z [INFO]: in require role middleware
2026-06-04T11:46:17.985Z [INFO]: roles for user id:1,  roles: principal
2026-06-04T11:46:17.988Z [INFO]: getById users called with id: 123456789
2026-06-04T11:46:17.992Z [INFO]: getById users successful for national id: 123456789
2026-06-04T11:46:17.992Z [INFO]: the school id from add trip is: 1
2026-06-04T11:46:17.998Z [WARN]: error: object is not iterable (cannot read property Symbol(Symbol.iterator)), from function addTrip in trips.service
2026-06-04T11:46:17.999Z [WARN]: creating trip failed
2026-06-04T12:27:43.595Z [INFO]: verifyToken - path: /auth/login
2026-06-04T12:27:43.598Z [INFO]: verifyToken - skipping auth routes
2026-06-04T12:27:43.599Z [INFO]: user id:undefined, method:POST, url:/auth/login
2026-06-04T12:27:43.626Z [INFO]: Connected to MySQL at 127.0.0.1
2026-06-04T12:27:44.239Z [INFO]: login successful for national id: 123456789 form institution: 410011
2026-06-04T12:27:48.964Z [INFO]: verifyToken - path: /trips
2026-06-04T12:27:48.970Z [INFO]: verifyToken - successful for user: undefined (id number: 1)
2026-06-04T12:27:48.971Z [INFO]: user id:undefined, method:POST, url:/trips
2026-06-04T12:27:48.974Z [INFO]: in require role middleware
2026-06-04T12:27:48.986Z [INFO]: roles for user id:1,  roles: principal
2026-06-04T12:27:48.990Z [INFO]: getById users called with id: 123456789
2026-06-04T12:27:48.996Z [INFO]: getById users successful for national id: 123456789
2026-06-04T12:27:48.997Z [INFO]: the school id from add trip is: 1
2026-06-04T12:27:49.004Z [WARN]: error: object is not iterable (cannot read property Symbol(Symbol.iterator)), from function addTrip in trips.service
2026-06-04T12:27:49.005Z [WARN]: creating trip failed
2026-06-04T12:32:36.139Z [INFO]: verifyToken - path: /auth/logout
2026-06-04T12:32:36.144Z [INFO]: verifyToken - skipping auth routes
2026-06-04T12:32:36.146Z [INFO]: user id:undefined, method:POST, url:/auth/logout
2026-06-04T12:32:36.165Z [INFO]: Connected to MySQL at 127.0.0.1
2026-06-04T12:32:36.207Z [INFO]: user undefined logged out
2026-06-04T12:33:04.562Z [INFO]: verifyToken - path: /auth/login
2026-06-04T12:33:04.562Z [INFO]: verifyToken - skipping auth routes
2026-06-04T12:33:04.563Z [INFO]: user id:undefined, method:POST, url:/auth/login
2026-06-04T12:33:04.580Z [WARN]: login error: User not found
2026-06-04T12:33:12.387Z [INFO]: verifyToken - path: /auth/register
2026-06-04T12:33:12.388Z [INFO]: verifyToken - skipping auth routes
2026-06-04T12:33:12.389Z [INFO]: user id:undefined, method:POST, url:/auth/register
2026-06-04T12:33:12.409Z [INFO]: in cotroller - sign up
2026-06-04T12:33:12.973Z [INFO]: addUser called for user: שם מנהל מוסד
2026-06-04T12:33:12.975Z [ERROR]: addUser error: Bind parameters must not contain undefined. To pass SQL NULL specify JS null
2026-06-04T12:33:12.976Z [WARN]: register error: Bind parameters must not contain undefined. To pass SQL NULL specify JS null
2026-06-04T12:34:45.874Z [INFO]: verifyToken - path: /auth/register
2026-06-04T12:34:45.875Z [INFO]: verifyToken - skipping auth routes
2026-06-04T12:34:45.875Z [INFO]: user id:undefined, method:POST, url:/auth/register
2026-06-04T12:34:45.895Z [INFO]: in cotroller - sign up
2026-06-04T12:34:46.467Z [INFO]: addUser called for user: שם מנהל מוסד
2026-06-04T12:34:46.468Z [ERROR]: addUser error: Bind parameters must not contain undefined. To pass SQL NULL specify JS null
2026-06-04T12:34:46.468Z [WARN]: register error: Bind parameters must not contain undefined. To pass SQL NULL specify JS null
2026-06-04T12:36:58.943Z [INFO]: verifyToken - path: /auth/register
2026-06-04T12:36:58.944Z [INFO]: verifyToken - skipping auth routes
2026-06-04T12:36:58.944Z [INFO]: user id:undefined, method:POST, url:/auth/register
2026-06-04T12:36:58.953Z [INFO]: in cotroller - sign up
2026-06-04T12:36:59.269Z [INFO]: addUser called for user: מנהל
2026-06-04T12:36:59.288Z [INFO]: addUser successful, user id: 1
2026-06-04T12:36:59.293Z [INFO]: register successful for national id: 123456789
2026-06-04T12:37:38.954Z [INFO]: verifyToken - path: /auth/login
2026-06-04T12:37:38.955Z [INFO]: verifyToken - skipping auth routes
2026-06-04T12:37:38.955Z [INFO]: user id:undefined, method:POST, url:/auth/login
2026-06-04T12:37:38.967Z [WARN]: login error: User not found
2026-06-04T12:37:47.338Z [INFO]: verifyToken - path: /auth/login
2026-06-04T12:37:47.339Z [INFO]: verifyToken - skipping auth routes
2026-06-04T12:37:47.339Z [INFO]: user id:undefined, method:POST, url:/auth/login
2026-06-04T12:37:47.358Z [WARN]: login error: User not found
2026-06-04T12:38:14.868Z [INFO]: verifyToken - path: /auth/login
2026-06-04T12:38:14.869Z [INFO]: verifyToken - skipping auth routes
2026-06-04T12:38:14.870Z [INFO]: user id:undefined, method:POST, url:/auth/login
2026-06-04T12:38:14.883Z [WARN]: login error: User not found
2026-06-04T12:38:19.752Z [INFO]: verifyToken - path: /auth/login
2026-06-04T12:38:19.752Z [INFO]: verifyToken - skipping auth routes
2026-06-04T12:38:19.753Z [INFO]: user id:undefined, method:POST, url:/auth/login
2026-06-04T12:38:19.771Z [WARN]: login error: User not found
2026-06-04T12:39:59.279Z [INFO]: verifyToken - path: /auth/register
2026-06-04T12:39:59.282Z [INFO]: verifyToken - skipping auth routes
2026-06-04T12:39:59.283Z [INFO]: user id:undefined, method:POST, url:/auth/register
2026-06-04T12:39:59.305Z [INFO]: Connected to MySQL at 127.0.0.1
2026-06-04T12:39:59.342Z [INFO]: in cotroller - sign up
2026-06-04T12:39:59.907Z [INFO]: addUser called for user: שם מנהל מוסד
2026-06-04T12:39:59.908Z [ERROR]: addUser error: Bind parameters must not contain undefined. To pass SQL NULL specify JS null
2026-06-04T12:39:59.909Z [WARN]: register error: Bind parameters must not contain undefined. To pass SQL NULL specify JS null
2026-06-04T12:41:08.414Z [INFO]: verifyToken - path: /auth/register
2026-06-04T12:41:08.416Z [INFO]: verifyToken - skipping auth routes
2026-06-04T12:41:08.417Z [INFO]: user id:undefined, method:POST, url:/auth/register
2026-06-04T12:41:08.440Z [INFO]: in cotroller - sign up
2026-06-04T12:41:08.747Z [INFO]: addUser called for user: מנהל מוסד
2026-06-04T12:41:08.773Z [INFO]: addUser successful, user id: 1
2026-06-04T12:41:08.777Z [INFO]: register successful for national id: 123456789
2026-06-04T12:44:29.432Z [INFO]: verifyToken - path: /auth/login
2026-06-04T12:44:29.432Z [INFO]: verifyToken - skipping auth routes
2026-06-04T12:44:29.433Z [INFO]: user id:undefined, method:POST, url:/auth/login
2026-06-04T12:44:29.446Z [WARN]: login error: Bind parameters must not contain undefined. To pass SQL NULL specify JS null
2026-06-04T12:44:52.082Z [INFO]: verifyToken - path: /auth/login
2026-06-04T12:44:52.083Z [INFO]: verifyToken - skipping auth routes
2026-06-04T12:44:52.083Z [INFO]: user id:undefined, method:POST, url:/auth/login
2026-06-04T12:44:52.093Z [WARN]: login error: Bind parameters must not contain undefined. To pass SQL NULL specify JS null
2026-06-04T12:45:18.412Z [INFO]: verifyToken - path: /auth/register
2026-06-04T12:45:18.413Z [INFO]: verifyToken - skipping auth routes
2026-06-04T12:45:18.414Z [INFO]: user id:undefined, method:POST, url:/auth/register
2026-06-04T12:45:18.433Z [INFO]: in cotroller - sign up
2026-06-04T12:45:19.035Z [INFO]: addUser called for user: מנהל מוסד
2026-06-04T12:45:19.054Z [ERROR]: addUser error: Duplicate entry '123456' for key 'schools.institution_number'
2026-06-04T12:45:19.054Z [WARN]: register error: Duplicate entry '123456' for key 'schools.institution_number'
2026-06-04T12:45:28.139Z [INFO]: verifyToken - path: /auth/register
2026-06-04T12:45:28.140Z [INFO]: verifyToken - skipping auth routes
2026-06-04T12:45:28.141Z [INFO]: user id:undefined, method:POST, url:/auth/register
2026-06-04T12:45:28.149Z [INFO]: in cotroller - sign up
2026-06-04T12:45:28.702Z [INFO]: addUser called for user: מנהל מוסד
2026-06-04T12:45:28.711Z [ERROR]: addUser error: Duplicate entry '123456789' for key 'users.national_id'
2026-06-04T12:45:28.712Z [WARN]: register error: Duplicate entry '123456789' for key 'users.national_id'
2026-06-04T12:45:40.317Z [INFO]: verifyToken - path: /auth/register
2026-06-04T12:45:40.318Z [INFO]: verifyToken - skipping auth routes
2026-06-04T12:45:40.318Z [INFO]: user id:undefined, method:POST, url:/auth/register
2026-06-04T12:45:40.330Z [INFO]: in cotroller - sign up
2026-06-04T12:45:40.883Z [INFO]: addUser called for user: מנהל מוסד
2026-06-04T12:45:40.894Z [ERROR]: addUser error: Duplicate entry '123455' for key 'schools.institution_number'
2026-06-04T12:45:40.895Z [WARN]: register error: Duplicate entry '123455' for key 'schools.institution_number'
2026-06-04T12:45:50.292Z [INFO]: verifyToken - path: /auth/register
2026-06-04T12:45:50.293Z [INFO]: verifyToken - skipping auth routes
2026-06-04T12:45:50.294Z [INFO]: user id:undefined, method:POST, url:/auth/register
2026-06-04T12:45:50.316Z [INFO]: in cotroller - sign up
2026-06-04T12:45:50.861Z [INFO]: addUser called for user: מנהל מוסד
2026-06-04T12:45:50.870Z [ERROR]: addUser error: Duplicate entry 'email@email.com' for key 'users.email'
2026-06-04T12:45:50.872Z [WARN]: register error: Duplicate entry 'email@email.com' for key 'users.email'
2026-06-04T12:45:58.509Z [INFO]: verifyToken - path: /auth/register
2026-06-04T12:45:58.509Z [INFO]: verifyToken - skipping auth routes
2026-06-04T12:45:58.510Z [INFO]: user id:undefined, method:POST, url:/auth/register
2026-06-04T12:45:58.528Z [INFO]: in cotroller - sign up
2026-06-04T12:45:59.091Z [INFO]: addUser called for user: מנהל מוסד
2026-06-04T12:45:59.101Z [ERROR]: addUser error: Duplicate entry '123123' for key 'schools.institution_number'
2026-06-04T12:45:59.101Z [WARN]: register error: Duplicate entry '123123' for key 'schools.institution_number'
2026-06-04T12:46:06.932Z [INFO]: verifyToken - path: /auth/register
2026-06-04T12:46:06.932Z [INFO]: verifyToken - skipping auth routes
2026-06-04T12:46:06.934Z [INFO]: user id:undefined, method:POST, url:/auth/register
2026-06-04T12:46:06.940Z [INFO]: in cotroller - sign up
2026-06-04T12:46:07.476Z [INFO]: addUser called for user: מנהל מוסד
2026-06-04T12:46:07.502Z [INFO]: addUser successful, user id: 4
2026-06-04T12:46:07.505Z [INFO]: register successful for national id: 123458789
2026-06-04T12:46:14.795Z [INFO]: verifyToken - path: /auth/login
2026-06-04T12:46:14.796Z [INFO]: verifyToken - skipping auth routes
2026-06-04T12:46:14.796Z [INFO]: user id:undefined, method:POST, url:/auth/login
2026-06-04T12:46:15.425Z [INFO]: login successful for national id: 123458789 form institution: 123222
2026-06-04T12:46:21.793Z [INFO]: verifyToken - path: /trips
2026-06-04T12:46:21.800Z [INFO]: verifyToken - successful for user: undefined (id number: 4)
2026-06-04T12:46:21.801Z [INFO]: user id:undefined, method:POST, url:/trips
2026-06-04T12:46:21.803Z [INFO]: in require role middleware
2026-06-04T12:46:21.813Z [INFO]: roles for user id:4,  roles: principal
2026-06-04T12:46:21.816Z [INFO]: getById users called with id: 123456789
2026-06-04T12:46:21.821Z [INFO]: getById users successful for national id: 123456789
2026-06-04T12:46:21.822Z [INFO]: the school id from add trip is: 1
2026-06-04T12:46:21.828Z [WARN]: error: object is not iterable (cannot read property Symbol(Symbol.iterator)), from function addTrip in trips.service
2026-06-04T12:46:21.829Z [WARN]: creating trip failed
2026-06-04T13:00:18.140Z [INFO]: verifyToken - path: /auth/login
2026-06-04T13:00:18.143Z [INFO]: verifyToken - skipping auth routes
2026-06-04T13:00:18.145Z [INFO]: user id:undefined, method:POST, url:/auth/login
2026-06-04T13:00:18.198Z [INFO]: Connected to MySQL at 127.0.0.1
2026-06-04T13:00:18.874Z [INFO]: login successful for national id: 123458789 form institution: 123222
2026-06-04T13:00:23.267Z [INFO]: verifyToken - path: /trips
2026-06-04T13:00:23.272Z [INFO]: verifyToken - successful for user: undefined (id number: 4)
2026-06-04T13:00:23.273Z [INFO]: user id:undefined, method:POST, url:/trips
2026-06-04T13:00:23.277Z [INFO]: in require role middleware
2026-06-04T13:00:23.290Z [INFO]: roles for user id:4,  roles: principal
2026-06-04T13:00:23.293Z [INFO]: getById users called with id: 123456789
2026-06-04T13:00:23.298Z [INFO]: getById users successful for national id: 123456789
2026-06-04T13:00:23.299Z [INFO]: the school id from add trip is: 1
2026-06-04T13:00:23.306Z [WARN]: error: object is not iterable (cannot read property Symbol(Symbol.iterator)), from function addTrip in trips.service
2026-06-04T13:00:23.307Z [WARN]: creating trip failed
2026-06-04T13:01:57.718Z [INFO]: verifyToken - path: /auth/login
2026-06-04T13:01:57.721Z [INFO]: verifyToken - skipping auth routes
2026-06-04T13:01:57.722Z [INFO]: user id:undefined, method:POST, url:/auth/login
2026-06-04T13:01:57.772Z [INFO]: Connected to MySQL at 127.0.0.1
2026-06-04T13:01:57.802Z [WARN]: login error: User not found
2026-06-04T13:02:36.138Z [INFO]: verifyToken - path: /auth/login
2026-06-04T13:02:36.139Z [INFO]: verifyToken - skipping auth routes
2026-06-04T13:02:36.139Z [INFO]: user id:undefined, method:POST, url:/auth/login
2026-06-04T13:02:36.160Z [WARN]: login error: User not found
2026-06-04T13:03:02.116Z [INFO]: verifyToken - path: /auth/register
2026-06-04T13:03:02.119Z [INFO]: verifyToken - skipping auth routes
2026-06-04T13:03:02.120Z [INFO]: user id:undefined, method:POST, url:/auth/register
2026-06-04T13:03:02.140Z [INFO]: Connected to MySQL at 127.0.0.1
2026-06-04T13:03:02.187Z [INFO]: in cotroller - sign up
2026-06-04T13:03:02.750Z [INFO]: addUser called for user: ישראל ישראלי
2026-06-04T13:03:02.773Z [INFO]: addUser successful, user id: 1
2026-06-04T13:03:02.784Z [INFO]: register successful for national id: 123456789
2026-06-04T13:03:09.638Z [INFO]: verifyToken - path: /auth/login
2026-06-04T13:03:09.639Z [INFO]: verifyToken - skipping auth routes
2026-06-04T13:03:09.640Z [INFO]: user id:undefined, method:POST, url:/auth/login
2026-06-04T13:03:10.232Z [INFO]: login successful for national id: 123456789 form institution: 123222
2026-06-04T13:03:14.323Z [INFO]: verifyToken - path: /trips
2026-06-04T13:03:14.326Z [INFO]: verifyToken - successful for user: undefined (id number: 1)
2026-06-04T13:03:14.327Z [INFO]: user id:undefined, method:POST, url:/trips
2026-06-04T13:03:14.329Z [INFO]: in require role middleware
2026-06-04T13:03:14.335Z [INFO]: roles for user id:1,  roles: principal
2026-06-04T13:03:14.337Z [INFO]: getById users called with id: 123456789
2026-06-04T13:03:14.342Z [INFO]: getById users successful for national id: 123456789
2026-06-04T13:03:14.343Z [INFO]: the school id from add trip is: 1
2026-06-04T13:03:14.350Z [WARN]: error: object is not iterable (cannot read property Symbol(Symbol.iterator)), from function addTrip in trips.service
2026-06-04T13:03:14.351Z [WARN]: creating trip failed
2026-06-04T15:52:00.098Z [INFO]: verifyToken - path: /auth/register
2026-06-04T15:52:00.114Z [INFO]: verifyToken - skipping auth routes
2026-06-04T15:52:00.115Z [INFO]: user id:undefined, method:POST, url:/auth/register
2026-06-04T15:52:00.186Z [INFO]: in cotroller - sign up
2026-06-04T15:52:00.476Z [INFO]: addUser called for user: ישראל ישראלי
2026-06-04T15:52:00.492Z [INFO]: addUser successful, user id: 1
2026-06-04T15:52:00.504Z [INFO]: register successful for national id: 123456789
2026-06-04T15:52:07.346Z [INFO]: verifyToken - path: /trips
2026-06-04T15:52:07.352Z [INFO]: verifyToken - successful for user: principal (id number: 1)
2026-06-04T15:52:07.353Z [INFO]: user id:undefined, method:POST, url:/trips
2026-06-04T15:52:07.356Z [INFO]: in require role middleware
2026-06-04T15:52:07.366Z [INFO]: roles for user id:1,  roles: principal
2026-06-04T15:52:07.367Z [INFO]: getById users called with id: 123
2026-06-04T15:52:07.370Z [ERROR]: getById users error: User not found
2026-06-04T15:52:07.370Z [WARN]: error: User not found, from function addTrip in trips.service
2026-06-04T15:52:07.370Z [WARN]: creating trip failed
2026-06-04T15:52:39.929Z [INFO]: verifyToken - path: /trips
2026-06-04T15:52:39.931Z [INFO]: verifyToken - successful for user: principal (id number: 1)
2026-06-04T15:52:39.932Z [INFO]: user id:undefined, method:POST, url:/trips
2026-06-04T15:52:39.933Z [INFO]: in require role middleware
2026-06-04T15:52:39.948Z [INFO]: roles for user id:1,  roles: principal
2026-06-04T15:52:39.949Z [INFO]: getById users called with id: 123456789
2026-06-04T15:52:39.951Z [INFO]: getById users successful for national id: 123456789
2026-06-04T15:52:39.951Z [INFO]: the school id from add trip is: 1
2026-06-04T15:52:39.961Z [WARN]: error: object is not iterable (cannot read property Symbol(Symbol.iterator)), from function addTrip in trips.service
2026-06-04T15:52:39.961Z [WARN]: creating trip failed
2026-06-04T15:58:33.709Z [INFO]: verifyToken - path: /auth/login
2026-06-04T15:58:33.718Z [INFO]: verifyToken - skipping auth routes
2026-06-04T15:58:33.719Z [INFO]: user id:undefined, method:POST, url:/auth/login
2026-06-04T15:58:34.103Z [INFO]: login successful for national id: 123456789 form institution: 410011
2026-06-04T15:58:37.194Z [INFO]: verifyToken - path: /trips
2026-06-04T15:58:37.200Z [INFO]: verifyToken - successful for user: undefined (id number: 1)
2026-06-04T15:58:37.201Z [INFO]: user id:undefined, method:POST, url:/trips
2026-06-04T15:58:37.202Z [INFO]: in require role middleware
2026-06-04T15:58:37.210Z [INFO]: roles for user id:1,  roles: principal
2026-06-04T15:58:37.212Z [INFO]: getById users called with id: 123456789
2026-06-04T15:58:37.218Z [INFO]: getById users successful for national id: 123456789
2026-06-04T15:58:37.219Z [INFO]: the school id from add trip is: 1
2026-06-04T15:58:37.235Z [WARN]: error: object is not iterable (cannot read property Symbol(Symbol.iterator)), from function addTrip in trips.service
2026-06-04T15:58:37.236Z [WARN]: creating trip failed
2026-06-04T16:00:02.570Z [INFO]: verifyToken - path: /auth/login
2026-06-04T16:00:02.582Z [INFO]: verifyToken - skipping auth routes
2026-06-04T16:00:02.583Z [INFO]: user id:undefined, method:POST, url:/auth/login
2026-06-04T16:00:02.958Z [INFO]: login successful for national id: 123456789 form institution: 410011
2026-06-04T16:00:08.158Z [INFO]: verifyToken - path: /trips
2026-06-04T16:00:08.161Z [INFO]: verifyToken - successful for user: undefined (id number: 1)
2026-06-04T16:00:08.162Z [INFO]: user id:undefined, method:POST, url:/trips
2026-06-04T16:00:08.163Z [INFO]: in require role middleware
2026-06-04T16:00:08.168Z [INFO]: roles for user id:1,  roles: principal
2026-06-04T16:00:08.168Z [INFO]: getById users called with id: 123456789
2026-06-04T16:00:08.171Z [INFO]: getById users successful for national id: 123456789
2026-06-04T16:00:08.171Z [INFO]: the school id from add trip is: 1
2026-06-04T16:00:08.181Z [WARN]: error: object is not iterable (cannot read property Symbol(Symbol.iterator)), from function addTrip in trips.service
2026-06-04T16:00:08.182Z [WARN]: creating trip failed
2026-06-04T16:01:01.143Z [INFO]: verifyToken - path: /auth/login
2026-06-04T16:01:01.145Z [INFO]: verifyToken - skipping auth routes
2026-06-04T16:01:01.145Z [INFO]: user id:undefined, method:POST, url:/auth/login
2026-06-04T16:01:01.196Z [INFO]: Connected to MySQL at 127.0.0.1
2026-06-04T16:01:01.543Z [INFO]: login successful for national id: 123456789 form institution: 410011
2026-06-04T16:01:05.286Z [INFO]: verifyToken - path: /trips
2026-06-04T16:01:05.288Z [INFO]: verifyToken - successful for user: undefined (id number: 1)
2026-06-04T16:01:05.289Z [INFO]: user id:undefined, method:POST, url:/trips
2026-06-04T16:01:05.289Z [INFO]: in require role middleware
2026-06-04T16:01:05.295Z [INFO]: roles for user id:1,  roles: principal
2026-06-04T16:01:05.296Z [INFO]: getById users called with id: 123456789
2026-06-04T16:01:05.298Z [INFO]: getById users successful for national id: 123456789
2026-06-04T16:01:05.299Z [INFO]: the school id from add trip is: 1
2026-06-04T16:01:05.302Z [WARN]: error: Cannot access 'rows' before initialization, from function addTrip in trips.service
2026-06-04T16:01:05.302Z [WARN]: creating trip failed
2026-06-04T16:02:28.153Z [INFO]: verifyToken - path: /auth/login
2026-06-04T16:02:28.155Z [INFO]: verifyToken - skipping auth routes
2026-06-04T16:02:28.155Z [INFO]: user id:undefined, method:POST, url:/auth/login
2026-06-04T16:02:28.211Z [INFO]: Connected to MySQL at 127.0.0.1
2026-06-04T16:02:28.563Z [INFO]: login successful for national id: 123456789 form institution: 410011
2026-06-04T16:02:31.908Z [INFO]: verifyToken - path: /trips
2026-06-04T16:02:31.911Z [INFO]: verifyToken - successful for user: undefined (id number: 1)
2026-06-04T16:02:31.911Z [INFO]: user id:undefined, method:POST, url:/trips
2026-06-04T16:02:31.912Z [INFO]: in require role middleware
2026-06-04T16:02:31.917Z [INFO]: roles for user id:1,  roles: principal
2026-06-04T16:02:31.918Z [INFO]: getById users called with id: 123456789
2026-06-04T16:02:31.921Z [INFO]: getById users successful for national id: 123456789
2026-06-04T16:02:31.921Z [INFO]: the school id from add trip is: 1
2026-06-04T16:02:31.924Z [WARN]: error: Cannot read properties of undefined (reading '0'), from function addTrip in trips.service
2026-06-04T16:02:31.924Z [WARN]: creating trip failed
2026-06-04T16:03:27.389Z [INFO]: verifyToken - path: /auth/login
2026-06-04T16:03:27.390Z [INFO]: verifyToken - skipping auth routes
2026-06-04T16:03:27.391Z [INFO]: user id:undefined, method:POST, url:/auth/login
2026-06-04T16:03:27.405Z [INFO]: Connected to MySQL at 127.0.0.1
2026-06-04T16:03:27.707Z [INFO]: login successful for national id: 123456789 form institution: 410011
2026-06-04T16:03:31.235Z [INFO]: verifyToken - path: /trips
2026-06-04T16:03:31.236Z [INFO]: verifyToken - successful for user: undefined (id number: 1)
2026-06-04T16:03:31.236Z [INFO]: user id:undefined, method:POST, url:/trips
2026-06-04T16:03:31.237Z [INFO]: in require role middleware
2026-06-04T16:03:31.242Z [INFO]: roles for user id:1,  roles: principal
2026-06-04T16:03:31.243Z [INFO]: getById users called with id: 123456789
2026-06-04T16:03:31.248Z [INFO]: getById users successful for national id: 123456789
2026-06-04T16:03:31.248Z [INFO]: the school id from add trip is: 1
2026-06-04T16:03:31.260Z [INFO]: trip added successfully
2026-06-04T16:03:31.260Z [INFO]: new trip added successfully
