11.06.2026, 12:29:52 [INFO]: verifyToken - path: /auth/login
11.06.2026, 12:29:52 [INFO]: verifyToken - skipping auth routes
11.06.2026, 12:29:52 [INFO]: user id:undefined, method:POST, url:/auth/login
11.06.2026, 12:29:52 [INFO]: Connected to MySQL at 127.0.0.1
11.06.2026, 12:29:52 [WARN]: login error: User not found
11.06.2026, 12:30:04 [INFO]: verifyToken - path: /auth/login
11.06.2026, 12:30:04 [INFO]: verifyToken - skipping auth routes
11.06.2026, 12:30:04 [INFO]: user id:undefined, method:POST, url:/auth/login
11.06.2026, 12:30:05 [INFO]: login successful for national id: 123456789 form institution: 410011
11.06.2026, 12:30:05 [INFO]: verifyToken - path: /trips
11.06.2026, 12:30:05 [INFO]: verifyToken - successful for user: principal (id number: undefined)
11.06.2026, 12:30:05 [INFO]: user id:undefined, method:GET, url:/trips
11.06.2026, 12:30:05 [INFO]: in require role middleware
11.06.2026, 12:30:05 [INFO]: roles for user id:1,  roles: principal
11.06.2026, 12:30:05 [INFO]: getAll trips by userId: 1
11.06.2026, 12:30:05 [INFO]: get all trips by userId: 1
11.06.2026, 12:30:06 [INFO]: verifyToken - path: /trips
11.06.2026, 12:30:06 [INFO]: verifyToken - successful for user: principal (id number: undefined)
11.06.2026, 12:30:06 [INFO]: user id:undefined, method:GET, url:/trips
11.06.2026, 12:30:06 [INFO]: in require role middleware
11.06.2026, 12:30:06 [INFO]: roles for user id:1,  roles: principal
11.06.2026, 12:30:06 [INFO]: getAll trips by userId: 1
11.06.2026, 12:30:06 [INFO]: get all trips by userId: 1
11.06.2026, 12:30:06 [INFO]: verifyToken - path: /trips
11.06.2026, 12:30:06 [INFO]: verifyToken - successful for user: principal (id number: undefined)
11.06.2026, 12:30:06 [INFO]: user id:undefined, method:GET, url:/trips
11.06.2026, 12:30:06 [INFO]: in require role middleware
11.06.2026, 12:30:06 [INFO]: roles for user id:1,  roles: principal
11.06.2026, 12:30:06 [INFO]: getAll trips by userId: 1
11.06.2026, 12:30:06 [INFO]: get all trips by userId: 1
11.06.2026, 12:30:07 [INFO]: verifyToken - path: /trips
11.06.2026, 12:30:07 [INFO]: verifyToken - successful for user: principal (id number: undefined)
11.06.2026, 12:30:07 [INFO]: user id:undefined, method:GET, url:/trips
11.06.2026, 12:30:07 [INFO]: in require role middleware
11.06.2026, 12:30:07 [INFO]: roles for user id:1,  roles: principal
11.06.2026, 12:30:07 [INFO]: getAll trips by userId: 1
11.06.2026, 12:30:07 [INFO]: get all trips by userId: 1
11.06.2026, 12:30:07 [INFO]: verifyToken - path: /trips/2
11.06.2026, 12:30:07 [INFO]: verifyToken - successful for user: principal (id number: undefined)
11.06.2026, 12:30:07 [INFO]: user id:undefined, method:GET, url:/trips/2
11.06.2026, 12:30:07 [INFO]: in require role middleware
11.06.2026, 12:30:07 [INFO]: roles for user id:1,  roles: principal
11.06.2026, 12:30:07 [INFO]: getTripById : 2
11.06.2026, 12:30:07 [INFO]: get trip by id: 2 and userId: 1
11.06.2026, 12:30:07 [INFO]: the trip with id 2 returned successfully
11.06.2026, 12:30:08 [INFO]: verifyToken - path: /trips
11.06.2026, 12:30:08 [INFO]: verifyToken - successful for user: principal (id number: undefined)
11.06.2026, 12:30:08 [INFO]: user id:undefined, method:GET, url:/trips
11.06.2026, 12:30:08 [INFO]: in require role middleware
11.06.2026, 12:30:08 [INFO]: verifyToken - path: /trips/2
11.06.2026, 12:30:08 [INFO]: verifyToken - successful for user: principal (id number: undefined)
11.06.2026, 12:30:08 [INFO]: user id:undefined, method:GET, url:/trips/2
11.06.2026, 12:30:08 [INFO]: in require role middleware
11.06.2026, 12:30:08 [INFO]: roles for user id:1,  roles: principal
11.06.2026, 12:30:08 [INFO]: roles for user id:1,  roles: principal
11.06.2026, 12:30:08 [INFO]: getAll trips by userId: 1
11.06.2026, 12:30:08 [INFO]: get all trips by userId: 1
11.06.2026, 12:30:08 [INFO]: getTripById : 2
11.06.2026, 12:30:08 [INFO]: get trip by id: 2 and userId: 1
11.06.2026, 12:30:08 [INFO]: the trip with id 2 returned successfully
11.06.2026, 12:30:13 [INFO]: verifyToken - path: /trips/2/staff
11.06.2026, 12:30:13 [INFO]: verifyToken - successful for user: principal (id number: undefined)
11.06.2026, 12:30:13 [INFO]: user id:undefined, method:GET, url:/trips/2/staff
11.06.2026, 12:30:13 [INFO]: in require role middleware
11.06.2026, 12:30:13 [INFO]: verifyToken - path: /trips
11.06.2026, 12:30:13 [INFO]: verifyToken - successful for user: principal (id number: undefined)
11.06.2026, 12:30:13 [INFO]: user id:undefined, method:GET, url:/trips
11.06.2026, 12:30:13 [INFO]: in require role middleware
11.06.2026, 12:30:13 [INFO]: roles for user id:1,  roles: principal
11.06.2026, 12:30:13 [INFO]: roles for user id:1,  roles: principal
11.06.2026, 12:30:13 [INFO]: getAll trips by userId: 1
11.06.2026, 12:30:13 [INFO]: get all trips by userId: 1
11.06.2026, 12:30:13 [INFO]: all staff returned successfully
11.06.2026, 12:30:18 [INFO]: verifyToken - path: /trips/2/staff
11.06.2026, 12:30:18 [INFO]: verifyToken - successful for user: principal (id number: undefined)
11.06.2026, 12:30:18 [INFO]: user id:undefined, method:GET, url:/trips/2/staff
11.06.2026, 12:30:18 [INFO]: in require role middleware
11.06.2026, 12:30:18 [INFO]: verifyToken - path: /users
11.06.2026, 12:30:18 [INFO]: verifyToken - successful for user: principal (id number: undefined)
11.06.2026, 12:30:18 [INFO]: user id:undefined, method:GET, url:/users
11.06.2026, 12:30:18 [INFO]: in require role middleware
11.06.2026, 12:30:18 [INFO]: roles for user id:1,  roles: principal
11.06.2026, 12:30:18 [INFO]: roles for user id:1,  roles: principal
11.06.2026, 12:30:18 [INFO]: all staff returned successfully
11.06.2026, 12:30:25 [INFO]: verifyToken - path: /trips/2/staff
11.06.2026, 12:30:25 [INFO]: verifyToken - successful for user: principal (id number: undefined)
11.06.2026, 12:30:25 [INFO]: user id:undefined, method:POST, url:/trips/2/staff
11.06.2026, 12:30:25 [INFO]: in require role middleware
11.06.2026, 12:30:25 [INFO]: roles for user id:1,  roles: principal
11.06.2026, 12:30:25 [INFO]: staff added to trip: 2
11.06.2026, 12:30:25 [INFO]: staff added to trip: 2
11.06.2026, 12:30:25 [INFO]: verifyToken - path: /trips/2/staff
11.06.2026, 12:30:25 [INFO]: verifyToken - successful for user: principal (id number: undefined)
11.06.2026, 12:30:25 [INFO]: user id:undefined, method:GET, url:/trips/2/staff
11.06.2026, 12:30:25 [INFO]: in require role middleware
11.06.2026, 12:30:25 [INFO]: roles for user id:1,  roles: principal
11.06.2026, 12:30:25 [INFO]: all staff returned successfully
11.06.2026, 12:30:25 [INFO]: verifyToken - path: /trips/2/staff
11.06.2026, 12:30:25 [INFO]: verifyToken - successful for user: principal (id number: undefined)
11.06.2026, 12:30:25 [INFO]: user id:undefined, method:GET, url:/trips/2/staff
11.06.2026, 12:30:25 [INFO]: in require role middleware
11.06.2026, 12:30:25 [INFO]: roles for user id:1,  roles: principal
11.06.2026, 12:30:25 [INFO]: all staff returned successfully
11.06.2026, 12:38:07 [INFO]: verifyToken - path: /auth/login
11.06.2026, 12:38:07 [INFO]: verifyToken - skipping auth routes
11.06.2026, 12:38:07 [INFO]: user id:undefined, method:POST, url:/auth/login
11.06.2026, 12:38:07 [INFO]: Connected to MySQL at 127.0.0.1
11.06.2026, 12:38:08 [INFO]: login successful for national id: 147852369 form institution: 410011
11.06.2026, 12:38:08 [INFO]: verifyToken - path: /trips
11.06.2026, 12:38:08 [INFO]: verifyToken - successful for user: teacher (id number: undefined)
11.06.2026, 12:38:08 [INFO]: user id:undefined, method:GET, url:/trips
11.06.2026, 12:38:08 [INFO]: in require role middleware
11.06.2026, 12:38:08 [INFO]: roles for user id:3,  roles: teacher
11.06.2026, 12:38:08 [INFO]: getAll trips by userId: 3
11.06.2026, 12:38:08 [INFO]: get all trips by userId: 3
11.06.2026, 12:38:09 [INFO]: verifyToken - path: /trips
11.06.2026, 12:38:09 [INFO]: verifyToken - successful for user: teacher (id number: undefined)
11.06.2026, 12:38:09 [INFO]: user id:undefined, method:GET, url:/trips
11.06.2026, 12:38:09 [INFO]: in require role middleware
11.06.2026, 12:38:09 [INFO]: roles for user id:3,  roles: teacher
11.06.2026, 12:38:09 [INFO]: getAll trips by userId: 3
11.06.2026, 12:38:09 [INFO]: get all trips by userId: 3
11.06.2026, 12:38:09 [INFO]: verifyToken - path: /trips
11.06.2026, 12:38:09 [INFO]: verifyToken - successful for user: teacher (id number: undefined)
11.06.2026, 12:38:09 [INFO]: user id:undefined, method:GET, url:/trips
11.06.2026, 12:38:09 [INFO]: in require role middleware
11.06.2026, 12:38:09 [INFO]: roles for user id:3,  roles: teacher
11.06.2026, 12:38:09 [INFO]: getAll trips by userId: 3
11.06.2026, 12:38:09 [INFO]: get all trips by userId: 3
11.06.2026, 12:38:10 [INFO]: verifyToken - path: /trips
11.06.2026, 12:38:10 [INFO]: verifyToken - successful for user: teacher (id number: undefined)
11.06.2026, 12:38:10 [INFO]: user id:undefined, method:GET, url:/trips
11.06.2026, 12:38:10 [INFO]: in require role middleware
11.06.2026, 12:38:10 [INFO]: roles for user id:3,  roles: teacher
11.06.2026, 12:38:10 [INFO]: getAll trips by userId: 3
11.06.2026, 12:38:10 [INFO]: get all trips by userId: 3
11.06.2026, 12:38:10 [INFO]: verifyToken - path: /trips/1
11.06.2026, 12:38:10 [INFO]: verifyToken - successful for user: teacher (id number: undefined)
11.06.2026, 12:38:10 [INFO]: user id:undefined, method:GET, url:/trips/1
11.06.2026, 12:38:10 [INFO]: in require role middleware
11.06.2026, 12:38:10 [INFO]: roles for user id:3,  roles: teacher
11.06.2026, 12:38:10 [INFO]: getTripById : 1
11.06.2026, 12:38:10 [INFO]: get trip by id: 1 and userId: 3
11.06.2026, 12:38:10 [INFO]: the trip with id 1 returned successfully
11.06.2026, 12:38:10 [INFO]: verifyToken - path: /trips
11.06.2026, 12:38:10 [INFO]: verifyToken - successful for user: teacher (id number: undefined)
11.06.2026, 12:38:10 [INFO]: user id:undefined, method:GET, url:/trips
11.06.2026, 12:38:10 [INFO]: in require role middleware
11.06.2026, 12:38:10 [INFO]: verifyToken - path: /trips/1
11.06.2026, 12:38:10 [INFO]: verifyToken - successful for user: teacher (id number: undefined)
11.06.2026, 12:38:10 [INFO]: user id:undefined, method:GET, url:/trips/1
11.06.2026, 12:38:10 [INFO]: in require role middleware
11.06.2026, 12:38:10 [INFO]: roles for user id:3,  roles: teacher
11.06.2026, 12:38:10 [INFO]: roles for user id:3,  roles: teacher
11.06.2026, 12:38:10 [INFO]: getAll trips by userId: 3
11.06.2026, 12:38:10 [INFO]: get all trips by userId: 3
11.06.2026, 12:38:10 [INFO]: getTripById : 1
11.06.2026, 12:38:10 [INFO]: get trip by id: 1 and userId: 3
11.06.2026, 12:38:10 [INFO]: the trip with id 1 returned successfully
11.06.2026, 12:38:12 [INFO]: verifyToken - path: /trips
11.06.2026, 12:38:12 [INFO]: verifyToken - successful for user: teacher (id number: undefined)
11.06.2026, 12:38:12 [INFO]: user id:undefined, method:GET, url:/trips
11.06.2026, 12:38:12 [INFO]: in require role middleware
11.06.2026, 12:38:12 [INFO]: verifyToken - path: /trips/1
11.06.2026, 12:38:12 [INFO]: verifyToken - successful for user: teacher (id number: undefined)
11.06.2026, 12:38:12 [INFO]: user id:undefined, method:GET, url:/trips/1
11.06.2026, 12:38:12 [INFO]: in require role middleware
11.06.2026, 12:38:12 [INFO]: roles for user id:3,  roles: teacher
11.06.2026, 12:38:12 [INFO]: roles for user id:3,  roles: teacher
11.06.2026, 12:38:12 [INFO]: getAll trips by userId: 3
11.06.2026, 12:38:12 [INFO]: get all trips by userId: 3
11.06.2026, 12:38:12 [INFO]: getTripById : 1
11.06.2026, 12:38:12 [INFO]: get trip by id: 1 and userId: 3
11.06.2026, 12:38:12 [INFO]: the trip with id 1 returned successfully
11.06.2026, 12:38:13 [INFO]: verifyToken - path: /trips
11.06.2026, 12:38:13 [INFO]: verifyToken - successful for user: teacher (id number: undefined)
11.06.2026, 12:38:13 [INFO]: user id:undefined, method:GET, url:/trips
11.06.2026, 12:38:13 [INFO]: in require role middleware
11.06.2026, 12:38:13 [INFO]: roles for user id:3,  roles: teacher
11.06.2026, 12:38:13 [INFO]: getAll trips by userId: 3
11.06.2026, 12:38:13 [INFO]: get all trips by userId: 3
11.06.2026, 12:38:17 [INFO]: verifyToken - path: /trips
11.06.2026, 12:38:17 [INFO]: verifyToken - successful for user: teacher (id number: undefined)
11.06.2026, 12:38:17 [INFO]: user id:undefined, method:GET, url:/trips
11.06.2026, 12:38:17 [INFO]: in require role middleware
11.06.2026, 12:38:17 [INFO]: verifyToken - path: /trips/1/emergencies
11.06.2026, 12:38:17 [INFO]: verifyToken - successful for user: teacher (id number: undefined)
11.06.2026, 12:38:17 [INFO]: user id:undefined, method:GET, url:/trips/1/emergencies
11.06.2026, 12:38:17 [INFO]: in require role middleware
11.06.2026, 12:38:17 [INFO]: roles for user id:3,  roles: teacher
11.06.2026, 12:38:17 [INFO]: roles for user id:3,  roles: teacher
11.06.2026, 12:38:17 [INFO]: getEmergenciesByTripId called with tripId: 1
11.06.2026, 12:38:17 [INFO]: getAll trips by userId: 3
11.06.2026, 12:38:17 [INFO]: get all trips by userId: 3
11.06.2026, 12:38:17 [INFO]: verifyToken - path: /trips/1
11.06.2026, 12:38:17 [INFO]: verifyToken - successful for user: teacher (id number: undefined)
11.06.2026, 12:38:17 [INFO]: user id:undefined, method:GET, url:/trips/1
11.06.2026, 12:38:17 [INFO]: in require role middleware
11.06.2026, 12:38:17 [INFO]: roles for user id:3,  roles: teacher
11.06.2026, 12:38:17 [INFO]: getTripById : 1
11.06.2026, 12:38:17 [INFO]: get trip by id: 1 and userId: 3
11.06.2026, 12:38:17 [INFO]: the trip with id 1 returned successfully
11.06.2026, 12:38:30 [INFO]: verifyToken - path: /trips/1/emergencies
11.06.2026, 12:38:30 [INFO]: verifyToken - successful for user: teacher (id number: undefined)
11.06.2026, 12:38:30 [INFO]: user id:undefined, method:POST, url:/trips/1/emergencies
11.06.2026, 12:38:30 [INFO]: in require role middleware
11.06.2026, 12:38:30 [INFO]: roles for user id:3,  roles: teacher
11.06.2026, 12:38:30 [ERROR]: EmergenciesController - create error: Cannot open emergency — today is not the trip date
11.06.2026, 13:05:41 [INFO]: verifyToken - path: /auth/login
11.06.2026, 13:05:41 [INFO]: verifyToken - skipping auth routes
11.06.2026, 13:05:41 [INFO]: user id:undefined, method:POST, url:/auth/login
11.06.2026, 13:05:41 [INFO]: Connected to MySQL at 127.0.0.1
11.06.2026, 13:05:41 [INFO]: login successful for national id: 147852369 form institution: 410011
11.06.2026, 13:05:41 [INFO]: verifyToken - path: /trips
11.06.2026, 13:05:41 [INFO]: verifyToken - successful for user: teacher (id number: 3)
11.06.2026, 13:05:41 [INFO]: user id:undefined, method:GET, url:/trips
11.06.2026, 13:05:41 [INFO]: in require role middleware
11.06.2026, 13:05:41 [INFO]: roles for user id:3,  roles: teacher
11.06.2026, 13:05:41 [INFO]: getAll trips by userId: 3
11.06.2026, 13:05:42 [INFO]: get all trips by userId: 3
11.06.2026, 13:05:44 [INFO]: verifyToken - path: /trips
11.06.2026, 13:05:44 [INFO]: verifyToken - successful for user: teacher (id number: 3)
11.06.2026, 13:05:44 [INFO]: user id:undefined, method:GET, url:/trips
11.06.2026, 13:05:44 [INFO]: in require role middleware
11.06.2026, 13:05:44 [INFO]: roles for user id:3,  roles: teacher
11.06.2026, 13:05:44 [INFO]: getAll trips by userId: 3
11.06.2026, 13:05:44 [INFO]: get all trips by userId: 3
11.06.2026, 13:05:44 [INFO]: verifyToken - path: /trips
11.06.2026, 13:05:44 [INFO]: verifyToken - successful for user: teacher (id number: 3)
11.06.2026, 13:05:44 [INFO]: user id:undefined, method:GET, url:/trips
11.06.2026, 13:05:44 [INFO]: in require role middleware
11.06.2026, 13:05:44 [INFO]: roles for user id:3,  roles: teacher
11.06.2026, 13:05:44 [INFO]: getAll trips by userId: 3
11.06.2026, 13:05:44 [INFO]: get all trips by userId: 3
11.06.2026, 13:05:45 [INFO]: verifyToken - path: /trips
11.06.2026, 13:05:45 [INFO]: verifyToken - successful for user: teacher (id number: 3)
11.06.2026, 13:05:45 [INFO]: user id:undefined, method:GET, url:/trips
11.06.2026, 13:05:45 [INFO]: in require role middleware
11.06.2026, 13:05:45 [INFO]: roles for user id:3,  roles: teacher
11.06.2026, 13:05:45 [INFO]: getAll trips by userId: 3
11.06.2026, 13:05:45 [INFO]: get all trips by userId: 3
11.06.2026, 13:05:45 [INFO]: verifyToken - path: /trips/1
11.06.2026, 13:05:45 [INFO]: verifyToken - successful for user: teacher (id number: 3)
11.06.2026, 13:05:45 [INFO]: user id:undefined, method:GET, url:/trips/1
11.06.2026, 13:05:45 [INFO]: in require role middleware
11.06.2026, 13:05:45 [INFO]: roles for user id:3,  roles: teacher
11.06.2026, 13:05:45 [INFO]: getTripById : 1
11.06.2026, 13:05:45 [INFO]: get trip by id: 1 and userId: 3
11.06.2026, 13:05:45 [INFO]: the trip with id 1 returned successfully
11.06.2026, 13:05:46 [INFO]: verifyToken - path: /trips
11.06.2026, 13:05:46 [INFO]: verifyToken - successful for user: teacher (id number: 3)
11.06.2026, 13:05:46 [INFO]: user id:undefined, method:GET, url:/trips
11.06.2026, 13:05:46 [INFO]: in require role middleware
11.06.2026, 13:05:46 [INFO]: verifyToken - path: /trips/1
11.06.2026, 13:05:46 [INFO]: verifyToken - successful for user: teacher (id number: 3)
11.06.2026, 13:05:46 [INFO]: user id:undefined, method:GET, url:/trips/1
11.06.2026, 13:05:46 [INFO]: in require role middleware
11.06.2026, 13:05:46 [INFO]: roles for user id:3,  roles: teacher
11.06.2026, 13:05:46 [INFO]: roles for user id:3,  roles: teacher
11.06.2026, 13:05:46 [INFO]: getAll trips by userId: 3
11.06.2026, 13:05:46 [INFO]: get all trips by userId: 3
11.06.2026, 13:05:46 [INFO]: getTripById : 1
11.06.2026, 13:05:46 [INFO]: get trip by id: 1 and userId: 3
11.06.2026, 13:05:46 [INFO]: the trip with id 1 returned successfully
11.06.2026, 13:06:05 [INFO]: verifyToken - path: /trips
11.06.2026, 13:06:05 [INFO]: verifyToken - successful for user: teacher (id number: 3)
11.06.2026, 13:06:05 [INFO]: user id:undefined, method:GET, url:/trips
11.06.2026, 13:06:05 [INFO]: in require role middleware
11.06.2026, 13:06:05 [INFO]: roles for user id:3,  roles: teacher
11.06.2026, 13:06:05 [INFO]: getAll trips by userId: 3
11.06.2026, 13:06:05 [INFO]: get all trips by userId: 3
11.06.2026, 13:06:08 [INFO]: verifyToken - path: /trips
11.06.2026, 13:06:08 [INFO]: verifyToken - successful for user: teacher (id number: 3)
11.06.2026, 13:06:08 [INFO]: user id:undefined, method:GET, url:/trips
11.06.2026, 13:06:08 [INFO]: in require role middleware
11.06.2026, 13:06:08 [INFO]: verifyToken - path: /trips/1
11.06.2026, 13:06:08 [INFO]: verifyToken - successful for user: teacher (id number: 3)
11.06.2026, 13:06:08 [INFO]: user id:undefined, method:GET, url:/trips/1
11.06.2026, 13:06:08 [INFO]: in require role middleware
11.06.2026, 13:06:08 [INFO]: roles for user id:3,  roles: teacher
11.06.2026, 13:06:08 [INFO]: roles for user id:3,  roles: teacher
11.06.2026, 13:06:08 [INFO]: getAll trips by userId: 3
11.06.2026, 13:06:08 [INFO]: get all trips by userId: 3
11.06.2026, 13:06:08 [INFO]: getTripById : 1
11.06.2026, 13:06:08 [INFO]: get trip by id: 1 and userId: 3
11.06.2026, 13:06:08 [INFO]: the trip with id 1 returned successfully
11.06.2026, 13:06:10 [INFO]: verifyToken - path: /trips/1/files/kit
11.06.2026, 13:06:10 [INFO]: verifyToken - successful for user: teacher (id number: 3)
11.06.2026, 13:06:10 [INFO]: user id:undefined, method:GET, url:/trips/1/files/kit
11.06.2026, 13:06:10 [INFO]: in require role middleware
11.06.2026, 13:06:10 [INFO]: verifyToken - path: /trips
11.06.2026, 13:06:10 [INFO]: verifyToken - successful for user: teacher (id number: 3)
11.06.2026, 13:06:10 [INFO]: user id:undefined, method:GET, url:/trips
11.06.2026, 13:06:10 [INFO]: in require role middleware
11.06.2026, 13:06:10 [INFO]: roles for user id:3,  roles: teacher
11.06.2026, 13:06:10 [INFO]: roles for user id:3,  roles: teacher
11.06.2026, 13:06:10 [INFO]: getAll trips by userId: 3
11.06.2026, 13:06:10 [INFO]: get all trips by userId: 3
11.06.2026, 13:06:30 [INFO]: verifyToken - path: /trips
11.06.2026, 13:06:30 [INFO]: verifyToken - successful for user: teacher (id number: 3)
11.06.2026, 13:06:30 [INFO]: user id:undefined, method:GET, url:/trips
11.06.2026, 13:06:30 [INFO]: in require role middleware
11.06.2026, 13:06:30 [INFO]: roles for user id:3,  roles: teacher
11.06.2026, 13:06:30 [INFO]: getAll trips by userId: 3
11.06.2026, 13:06:30 [INFO]: get all trips by userId: 3
11.06.2026, 13:07:48 [INFO]: verifyToken - path: /trips
11.06.2026, 13:07:48 [WARN]: verifyToken - session timeout
11.06.2026, 13:07:48 [INFO]: verifyToken - path: /trips
11.06.2026, 13:07:48 [WARN]: verifyToken - session timeout
11.06.2026, 13:07:48 [INFO]: verifyToken - path: /auth/refresh
11.06.2026, 13:07:48 [INFO]: verifyToken - skipping auth routes
11.06.2026, 13:07:48 [INFO]: user id:undefined, method:POST, url:/auth/refresh
11.06.2026, 13:07:48 [INFO]: verifyToken - path: /auth/refresh
11.06.2026, 13:07:48 [INFO]: verifyToken - skipping auth routes
11.06.2026, 13:07:48 [INFO]: user id:undefined, method:POST, url:/auth/refresh
11.06.2026, 13:07:48 [INFO]: verifyToken - path: /trips
11.06.2026, 13:07:48 [INFO]: verifyToken - successful for user: teacher (id number: 3)
11.06.2026, 13:07:48 [INFO]: user id:undefined, method:GET, url:/trips
11.06.2026, 13:07:48 [INFO]: in require role middleware
11.06.2026, 13:07:48 [INFO]: roles for user id:3,  roles: teacher
11.06.2026, 13:07:48 [INFO]: getAll trips by userId: 3
11.06.2026, 13:07:48 [INFO]: get all trips by userId: 3
11.06.2026, 13:07:48 [INFO]: verifyToken - path: /trips
11.06.2026, 13:07:48 [INFO]: verifyToken - successful for user: teacher (id number: 3)
11.06.2026, 13:07:48 [INFO]: user id:undefined, method:GET, url:/trips
11.06.2026, 13:07:48 [INFO]: in require role middleware
11.06.2026, 13:07:48 [INFO]: roles for user id:3,  roles: teacher
11.06.2026, 13:07:48 [INFO]: getAll trips by userId: 3
11.06.2026, 13:07:48 [INFO]: get all trips by userId: 3
