08.06.2026, 08:48:09 [INFO]: verifyToken - path: /auth/login
08.06.2026, 08:48:09 [INFO]: verifyToken - skipping auth routes
08.06.2026, 08:48:09 [INFO]: user id:undefined, method:POST, url:/auth/login
08.06.2026, 08:48:09 [INFO]: Connected to MySQL at 127.0.0.1
08.06.2026, 08:48:10 [INFO]: login successful for national id: 123456789 form institution: 410011
08.06.2026, 08:48:43 [INFO]: verifyToken - path: /users/1
08.06.2026, 08:48:43 [INFO]: verifyToken - successful for user: principal (id number: 1)
08.06.2026, 08:48:43 [INFO]: user id:undefined, method:GET, url:/users/1
08.06.2026, 08:48:43 [INFO]: in require role middleware
08.06.2026, 08:48:43 [INFO]: roles for user id:1,  roles: principal
08.06.2026, 08:48:43 [INFO]: getById users called with id: 1
08.06.2026, 08:48:43 [INFO]: getById users successful for id: 1
08.06.2026, 08:48:43 [INFO]: verifyToken - path: /users
08.06.2026, 08:48:43 [INFO]: verifyToken - successful for user: principal (id number: 1)
08.06.2026, 08:48:43 [INFO]: user id:undefined, method:POST, url:/users
08.06.2026, 08:48:43 [INFO]: in require role middleware
08.06.2026, 08:48:43 [INFO]: roles for user id:1,  roles: principal
08.06.2026, 08:48:43 [INFO]: addUser successful, user id: undefined
08.06.2026, 08:49:03 [INFO]: verifyToken - path: /auth/login
08.06.2026, 08:49:03 [INFO]: verifyToken - skipping auth routes
08.06.2026, 08:49:03 [INFO]: user id:undefined, method:POST, url:/auth/login
08.06.2026, 08:49:03 [WARN]: login error: Incorrect password
08.06.2026, 08:49:25 [INFO]: verifyToken - path: /auth/login
08.06.2026, 08:49:25 [INFO]: verifyToken - skipping auth routes
08.06.2026, 08:49:25 [INFO]: user id:undefined, method:POST, url:/auth/login
08.06.2026, 08:49:25 [WARN]: login error: Incorrect password
08.06.2026, 08:52:47 [INFO]: verifyToken - path: /auth/login
08.06.2026, 08:52:47 [INFO]: verifyToken - skipping auth routes
08.06.2026, 08:52:47 [INFO]: user id:undefined, method:POST, url:/auth/login
08.06.2026, 08:52:47 [INFO]: Connected to MySQL at 127.0.0.1
08.06.2026, 08:52:47 [INFO]: login successful for national id: 123456789 form institution: 410011
08.06.2026, 08:53:33 [INFO]: verifyToken - path: /users/1
08.06.2026, 08:53:33 [INFO]: verifyToken - successful for user: principal (id number: 1)
08.06.2026, 08:53:33 [INFO]: user id:undefined, method:GET, url:/users/1
08.06.2026, 08:53:33 [INFO]: in require role middleware
08.06.2026, 08:53:33 [INFO]: roles for user id:1,  roles: principal
08.06.2026, 08:53:33 [INFO]: getById users called with id: 1
08.06.2026, 08:53:33 [INFO]: getById users successful for id: 1
08.06.2026, 08:53:33 [INFO]: verifyToken - path: /users
08.06.2026, 08:53:33 [INFO]: verifyToken - successful for user: principal (id number: 1)
08.06.2026, 08:53:33 [INFO]: user id:undefined, method:POST, url:/users
08.06.2026, 08:53:33 [INFO]: in require role middleware
08.06.2026, 08:53:33 [INFO]: roles for user id:1,  roles: principal
08.06.2026, 08:53:33 [INFO]: addUser successful, user id: undefined
08.06.2026, 08:54:14 [INFO]: verifyToken - path: /auth/login
08.06.2026, 08:54:14 [INFO]: verifyToken - skipping auth routes
08.06.2026, 08:54:14 [INFO]: user id:undefined, method:POST, url:/auth/login
08.06.2026, 08:54:14 [WARN]: login error: Incorrect password
08.06.2026, 08:55:52 [INFO]: verifyToken - path: /auth/login
08.06.2026, 08:55:52 [INFO]: verifyToken - skipping auth routes
08.06.2026, 08:55:52 [INFO]: user id:undefined, method:POST, url:/auth/login
08.06.2026, 08:55:52 [INFO]: Connected to MySQL at 127.0.0.1
08.06.2026, 08:55:53 [INFO]: login successful for national id: 123456789 form institution: 410011
08.06.2026, 08:56:19 [INFO]: verifyToken - path: /users/1
08.06.2026, 08:56:19 [INFO]: verifyToken - successful for user: principal (id number: 1)
08.06.2026, 08:56:19 [INFO]: user id:undefined, method:GET, url:/users/1
08.06.2026, 08:56:19 [INFO]: in require role middleware
08.06.2026, 08:56:19 [INFO]: roles for user id:1,  roles: principal
08.06.2026, 08:56:19 [INFO]: getById users called with id: 1
08.06.2026, 08:56:19 [INFO]: getById users successful for id: 1
08.06.2026, 08:56:19 [INFO]: verifyToken - path: /users
08.06.2026, 08:56:19 [INFO]: verifyToken - successful for user: principal (id number: 1)
08.06.2026, 08:56:19 [INFO]: user id:undefined, method:POST, url:/users
08.06.2026, 08:56:19 [INFO]: in require role middleware
08.06.2026, 08:56:19 [INFO]: roles for user id:1,  roles: principal
08.06.2026, 08:56:19 [INFO]: addUser successful, user id: undefined
08.06.2026, 08:59:36 [INFO]: verifyToken - path: /trips/2
08.06.2026, 08:59:36 [INFO]: verifyToken - successful for user: principal (id number: 1)
08.06.2026, 08:59:36 [INFO]: user id:undefined, method:GET, url:/trips/2
08.06.2026, 08:59:36 [INFO]: in require role middleware
08.06.2026, 08:59:36 [INFO]: Connected to MySQL at 127.0.0.1
08.06.2026, 08:59:47 [INFO]: verifyToken - path: /auth/login
08.06.2026, 08:59:47 [INFO]: verifyToken - skipping auth routes
08.06.2026, 08:59:47 [INFO]: user id:undefined, method:POST, url:/auth/login
08.06.2026, 08:59:47 [INFO]: login successful for national id: 999999999 form institution: 410011
08.06.2026, 09:00:07 [INFO]: verifyToken - path: /auth/login
08.06.2026, 09:00:07 [INFO]: verifyToken - skipping auth routes
08.06.2026, 09:00:07 [INFO]: user id:undefined, method:POST, url:/auth/login
08.06.2026, 09:00:07 [INFO]: login successful for national id: 999999999 form institution: 410011
08.06.2026, 09:00:20 [INFO]: verifyToken - path: /auth/login
08.06.2026, 09:00:20 [INFO]: verifyToken - skipping auth routes
08.06.2026, 09:00:20 [INFO]: user id:undefined, method:POST, url:/auth/login
08.06.2026, 09:00:20 [INFO]: login successful for national id: 123456789 form institution: 410011
08.06.2026, 09:01:00 [INFO]: verifyToken - path: /users/1
08.06.2026, 09:01:00 [INFO]: verifyToken - successful for user: principal (id number: 1)
08.06.2026, 09:01:00 [INFO]: user id:undefined, method:GET, url:/users/1
08.06.2026, 09:01:00 [INFO]: in require role middleware
08.06.2026, 09:01:00 [INFO]: roles for user id:1,  roles: principal
08.06.2026, 09:01:00 [INFO]: getById users called with id: 1
08.06.2026, 09:01:00 [INFO]: getById users successful for id: 1
08.06.2026, 09:01:00 [INFO]: verifyToken - path: /users
08.06.2026, 09:01:00 [INFO]: verifyToken - successful for user: principal (id number: 1)
08.06.2026, 09:01:00 [INFO]: user id:undefined, method:POST, url:/users
08.06.2026, 09:01:00 [INFO]: in require role middleware
08.06.2026, 09:01:00 [INFO]: roles for user id:1,  roles: principal
08.06.2026, 09:01:00 [INFO]: addUser successful, user id: undefined
08.06.2026, 09:13:43 [INFO]: verifyToken - path: /auth/login
08.06.2026, 09:13:44 [INFO]: verifyToken - skipping auth routes
08.06.2026, 09:13:44 [INFO]: user id:undefined, method:POST, url:/auth/login
08.06.2026, 09:13:44 [INFO]: Connected to MySQL at 127.0.0.1
08.06.2026, 09:13:44 [WARN]: login error: User not found
08.06.2026, 09:13:54 [INFO]: verifyToken - path: /auth/login
08.06.2026, 09:13:54 [INFO]: verifyToken - skipping auth routes
08.06.2026, 09:13:54 [INFO]: user id:undefined, method:POST, url:/auth/login
08.06.2026, 09:13:54 [WARN]: login error: User not found
08.06.2026, 09:14:11 [INFO]: verifyToken - path: /auth/login
08.06.2026, 09:14:11 [INFO]: verifyToken - skipping auth routes
08.06.2026, 09:14:11 [INFO]: user id:undefined, method:POST, url:/auth/login
08.06.2026, 09:14:11 [WARN]: login error: Incorrect password
08.06.2026, 09:14:26 [INFO]: verifyToken - path: /auth/login
08.06.2026, 09:14:26 [INFO]: verifyToken - skipping auth routes
08.06.2026, 09:14:26 [INFO]: user id:undefined, method:POST, url:/auth/login
08.06.2026, 09:14:27 [WARN]: login error: Incorrect password
08.06.2026, 09:15:05 [INFO]: verifyToken - path: /auth/login
08.06.2026, 09:15:05 [INFO]: verifyToken - skipping auth routes
08.06.2026, 09:15:05 [INFO]: user id:undefined, method:POST, url:/auth/login
08.06.2026, 09:15:06 [WARN]: login error: Incorrect password
08.06.2026, 09:15:15 [INFO]: verifyToken - path: /auth/login
08.06.2026, 09:15:15 [INFO]: verifyToken - skipping auth routes
08.06.2026, 09:15:15 [INFO]: user id:undefined, method:POST, url:/auth/login
08.06.2026, 09:15:15 [WARN]: login error: Incorrect password
08.06.2026, 09:15:17 [INFO]: verifyToken - path: /auth/login
08.06.2026, 09:15:17 [INFO]: verifyToken - skipping auth routes
08.06.2026, 09:15:17 [INFO]: user id:undefined, method:POST, url:/auth/login
08.06.2026, 09:15:17 [WARN]: login error: Incorrect password
08.06.2026, 09:15:32 [INFO]: verifyToken - path: /auth/login
08.06.2026, 09:15:32 [INFO]: verifyToken - skipping auth routes
08.06.2026, 09:15:32 [INFO]: user id:undefined, method:POST, url:/auth/login
08.06.2026, 09:15:32 [INFO]: login successful for national id: 111111111 form institution: 410011
08.06.2026, 09:16:41 [INFO]: verifyToken - path: /auth/login
08.06.2026, 09:16:41 [INFO]: verifyToken - skipping auth routes
08.06.2026, 09:16:41 [INFO]: user id:undefined, method:POST, url:/auth/login
08.06.2026, 09:16:42 [WARN]: login error: Incorrect password
08.06.2026, 09:16:49 [INFO]: verifyToken - path: /auth/login
08.06.2026, 09:16:49 [INFO]: verifyToken - skipping auth routes
08.06.2026, 09:16:49 [INFO]: user id:undefined, method:POST, url:/auth/login
08.06.2026, 09:16:50 [INFO]: login successful for national id: 111111111 form institution: 410011
08.06.2026, 09:17:10 [INFO]: verifyToken - path: /users/9
08.06.2026, 09:17:10 [INFO]: verifyToken - successful for user: teacher (id number: 9)
08.06.2026, 09:17:10 [INFO]: user id:undefined, method:GET, url:/users/9
08.06.2026, 09:17:10 [INFO]: in require role middleware
08.06.2026, 09:17:10 [INFO]: roles for user id:9,  roles: teacher
08.06.2026, 09:17:10 [INFO]: getById users called with id: 9
08.06.2026, 09:17:10 [INFO]: getById users successful for id: 9
08.06.2026, 09:17:34 [INFO]: verifyToken - path: /users/9/change-password
08.06.2026, 09:17:34 [INFO]: verifyToken - successful for user: teacher (id number: 9)
08.06.2026, 09:17:34 [INFO]: user id:undefined, method:POST, url:/users/9/change-password
08.06.2026, 09:17:34 [INFO]: in require role middleware
08.06.2026, 09:17:34 [INFO]: roles for user id:9,  roles: teacher
08.06.2026, 09:17:34 [INFO]: change passwrod controller - userId: 9}
08.06.2026, 09:17:35 [INFO]: getById users called with id: 9
08.06.2026, 09:17:35 [INFO]: getById users successful for id: 9
08.06.2026, 09:17:35 [WARN]: change passwrod error: Cannot set headers after they are sent to the client
08.06.2026, 09:22:30 [INFO]: verifyToken - path: /auth/login
08.06.2026, 09:22:30 [INFO]: verifyToken - skipping auth routes
08.06.2026, 09:22:30 [INFO]: user id:undefined, method:POST, url:/auth/login
08.06.2026, 09:22:30 [INFO]: Connected to MySQL at 127.0.0.1
08.06.2026, 09:22:30 [WARN]: login error: User not found
08.06.2026, 09:22:42 [INFO]: verifyToken - path: /auth/login
08.06.2026, 09:22:42 [INFO]: verifyToken - skipping auth routes
08.06.2026, 09:22:42 [INFO]: user id:undefined, method:POST, url:/auth/login
08.06.2026, 09:22:42 [WARN]: login error: User not found
08.06.2026, 09:22:42 [INFO]: verifyToken - path: /auth/login
08.06.2026, 09:22:42 [INFO]: verifyToken - skipping auth routes
08.06.2026, 09:22:42 [INFO]: user id:undefined, method:POST, url:/auth/login
08.06.2026, 09:22:42 [WARN]: login error: User not found
08.06.2026, 09:22:50 [INFO]: verifyToken - path: /auth/login
08.06.2026, 09:22:50 [INFO]: verifyToken - skipping auth routes
08.06.2026, 09:22:50 [INFO]: user id:undefined, method:POST, url:/auth/login
08.06.2026, 09:22:50 [WARN]: login error: Incorrect password
08.06.2026, 09:22:58 [INFO]: verifyToken - path: /auth/login
08.06.2026, 09:22:58 [INFO]: verifyToken - skipping auth routes
08.06.2026, 09:22:58 [INFO]: user id:undefined, method:POST, url:/auth/login
08.06.2026, 09:22:59 [INFO]: login successful for national id: 111111111 form institution: 410011
08.06.2026, 09:23:02 [INFO]: verifyToken - path: /users/9
08.06.2026, 09:23:02 [INFO]: verifyToken - successful for user: teacher (id number: 9)
08.06.2026, 09:23:02 [INFO]: user id:undefined, method:GET, url:/users/9
08.06.2026, 09:23:02 [INFO]: in require role middleware
08.06.2026, 09:23:02 [INFO]: roles for user id:9,  roles: teacher
08.06.2026, 09:23:02 [INFO]: getById users called with id: 9
08.06.2026, 09:23:02 [INFO]: getById users successful for id: 9
08.06.2026, 09:23:21 [INFO]: verifyToken - path: /auth/login
08.06.2026, 09:23:21 [INFO]: verifyToken - skipping auth routes
08.06.2026, 09:23:21 [INFO]: user id:undefined, method:POST, url:/auth/login
08.06.2026, 09:23:21 [WARN]: login error: User not found
08.06.2026, 09:23:27 [INFO]: verifyToken - path: /auth/login
08.06.2026, 09:23:27 [INFO]: verifyToken - skipping auth routes
08.06.2026, 09:23:27 [INFO]: user id:undefined, method:POST, url:/auth/login
08.06.2026, 09:23:27 [WARN]: login error: User not found
08.06.2026, 09:23:34 [INFO]: verifyToken - path: /auth/login
08.06.2026, 09:23:34 [INFO]: verifyToken - skipping auth routes
08.06.2026, 09:23:34 [INFO]: user id:undefined, method:POST, url:/auth/login
08.06.2026, 09:23:34 [INFO]: login successful for national id: 999999999 form institution: 410011
08.06.2026, 09:23:37 [INFO]: verifyToken - path: /users/5
08.06.2026, 09:23:37 [INFO]: verifyToken - successful for user: coordinator (id number: 5)
08.06.2026, 09:23:37 [INFO]: user id:undefined, method:GET, url:/users/5
08.06.2026, 09:23:37 [INFO]: in require role middleware
08.06.2026, 09:23:37 [INFO]: roles for user id:5,  roles: coordinator
08.06.2026, 09:23:37 [INFO]: getById users called with id: 5
08.06.2026, 09:23:37 [INFO]: getById users successful for id: 5
08.06.2026, 09:24:06 [INFO]: verifyToken - path: /users/5/change-password
08.06.2026, 09:24:06 [INFO]: verifyToken - successful for user: coordinator (id number: 5)
08.06.2026, 09:24:06 [INFO]: user id:undefined, method:POST, url:/users/5/change-password
08.06.2026, 09:24:06 [INFO]: in require role middleware
08.06.2026, 09:24:06 [INFO]: roles for user id:5,  roles: coordinator
08.06.2026, 09:24:27 [INFO]: verifyToken - path: /auth/login
08.06.2026, 09:24:27 [INFO]: verifyToken - skipping auth routes
08.06.2026, 09:24:27 [INFO]: user id:undefined, method:POST, url:/auth/login
08.06.2026, 09:24:28 [WARN]: login error: Incorrect password
08.06.2026, 09:24:36 [INFO]: verifyToken - path: /auth/login
08.06.2026, 09:24:36 [INFO]: verifyToken - skipping auth routes
08.06.2026, 09:24:36 [INFO]: user id:undefined, method:POST, url:/auth/login
08.06.2026, 09:24:37 [WARN]: login error: Incorrect password
08.06.2026, 09:24:42 [INFO]: verifyToken - path: /auth/login
08.06.2026, 09:24:42 [INFO]: verifyToken - skipping auth routes
08.06.2026, 09:24:42 [INFO]: user id:undefined, method:POST, url:/auth/login
08.06.2026, 09:24:42 [INFO]: login successful for national id: 999999999 form institution: 410011
08.06.2026, 09:26:10 [INFO]: verifyToken - path: /auth/login
08.06.2026, 09:26:10 [INFO]: verifyToken - skipping auth routes
08.06.2026, 09:26:10 [INFO]: user id:undefined, method:POST, url:/auth/login
08.06.2026, 09:26:10 [INFO]: Connected to MySQL at 127.0.0.1
08.06.2026, 09:26:10 [INFO]: login successful for national id: 999999999 form institution: 410011
08.06.2026, 09:26:12 [INFO]: verifyToken - path: /users/5
08.06.2026, 09:26:12 [INFO]: verifyToken - successful for user: coordinator (id number: 5)
08.06.2026, 09:26:12 [INFO]: user id:undefined, method:GET, url:/users/5
08.06.2026, 09:26:12 [INFO]: in require role middleware
08.06.2026, 09:26:12 [INFO]: roles for user id:5,  roles: coordinator
08.06.2026, 09:26:12 [INFO]: getById users called with id: 5
08.06.2026, 09:26:12 [INFO]: getById users successful for id: 5
08.06.2026, 09:26:29 [INFO]: verifyToken - path: /users/5/change-password
08.06.2026, 09:26:29 [INFO]: verifyToken - successful for user: coordinator (id number: 5)
08.06.2026, 09:26:29 [INFO]: user id:undefined, method:POST, url:/users/5/change-password
08.06.2026, 09:26:29 [INFO]: in require role middleware
08.06.2026, 09:26:29 [INFO]: roles for user id:5,  roles: coordinator
08.06.2026, 09:27:14 [INFO]: verifyToken - path: /auth/login
08.06.2026, 09:27:14 [INFO]: verifyToken - skipping auth routes
08.06.2026, 09:27:14 [INFO]: user id:undefined, method:POST, url:/auth/login
08.06.2026, 09:27:14 [INFO]: Connected to MySQL at 127.0.0.1
08.06.2026, 09:27:14 [INFO]: login successful for national id: 999999999 form institution: 410011
08.06.2026, 09:27:16 [INFO]: verifyToken - path: /users/5
08.06.2026, 09:27:16 [INFO]: verifyToken - successful for user: coordinator (id number: 5)
08.06.2026, 09:27:16 [INFO]: user id:undefined, method:GET, url:/users/5
08.06.2026, 09:27:16 [INFO]: in require role middleware
08.06.2026, 09:27:16 [INFO]: roles for user id:5,  roles: coordinator
08.06.2026, 09:27:16 [INFO]: getById users called with id: 5
08.06.2026, 09:27:16 [INFO]: getById users successful for id: 5
08.06.2026, 09:27:32 [INFO]: verifyToken - path: /users/5/change-password
08.06.2026, 09:27:32 [INFO]: verifyToken - successful for user: coordinator (id number: 5)
08.06.2026, 09:27:32 [INFO]: user id:undefined, method:POST, url:/users/5/change-password
08.06.2026, 09:27:32 [INFO]: in require role middleware
08.06.2026, 09:27:32 [INFO]: roles for user id:5,  roles: coordinator
08.06.2026, 09:27:32 [WARN]: change passwrod error: Cannot read properties of undefined (reading 'userId')
08.06.2026, 09:28:04 [INFO]: verifyToken - path: /auth/login
08.06.2026, 09:28:04 [INFO]: verifyToken - skipping auth routes
08.06.2026, 09:28:04 [INFO]: user id:undefined, method:POST, url:/auth/login
08.06.2026, 09:28:04 [INFO]: Connected to MySQL at 127.0.0.1
08.06.2026, 09:28:05 [INFO]: login successful for national id: 999999999 form institution: 410011
08.06.2026, 09:28:06 [INFO]: verifyToken - path: /users/5
08.06.2026, 09:28:06 [INFO]: verifyToken - successful for user: coordinator (id number: 5)
08.06.2026, 09:28:06 [INFO]: user id:undefined, method:GET, url:/users/5
08.06.2026, 09:28:06 [INFO]: in require role middleware
08.06.2026, 09:28:06 [INFO]: roles for user id:5,  roles: coordinator
08.06.2026, 09:28:06 [INFO]: getById users called with id: 5
08.06.2026, 09:28:06 [INFO]: getById users successful for id: 5
08.06.2026, 09:28:20 [INFO]: verifyToken - path: /users/5/change-password
08.06.2026, 09:28:20 [INFO]: verifyToken - successful for user: coordinator (id number: 5)
08.06.2026, 09:28:20 [INFO]: user id:undefined, method:POST, url:/users/5/change-password
08.06.2026, 09:28:20 [INFO]: in require role middleware
08.06.2026, 09:28:20 [INFO]: roles for user id:5,  roles: coordinator
08.06.2026, 09:28:20 [INFO]: change passwrod controller - userId: 5}
08.06.2026, 09:28:21 [INFO]: getById users called with id: 5
08.06.2026, 09:28:21 [INFO]: getById users successful for id: 5
08.06.2026, 09:28:35 [INFO]: verifyToken - path: /auth/login
08.06.2026, 09:28:35 [INFO]: verifyToken - skipping auth routes
08.06.2026, 09:28:35 [INFO]: user id:undefined, method:POST, url:/auth/login
08.06.2026, 09:28:35 [INFO]: login successful for national id: 999999999 form institution: 410011
08.06.2026, 09:48:31 [INFO]: verifyToken - path: /auth/login
08.06.2026, 09:48:31 [INFO]: verifyToken - skipping auth routes
08.06.2026, 09:48:31 [INFO]: user id:undefined, method:POST, url:/auth/login
08.06.2026, 09:48:31 [INFO]: Connected to MySQL at 127.0.0.1
08.06.2026, 09:48:31 [INFO]: login successful for national id: 999999999 form institution: 410011
08.06.2026, 09:48:35 [INFO]: verifyToken - path: /trips
08.06.2026, 09:48:35 [INFO]: verifyToken - successful for user: coordinator (id number: 5)
08.06.2026, 09:48:35 [INFO]: user id:undefined, method:GET, url:/trips
08.06.2026, 09:48:35 [INFO]: in require role middleware
08.06.2026, 09:48:35 [INFO]: roles for user id:5,  roles: coordinator
08.06.2026, 09:48:35 [INFO]: getAll trips by userId: 5
08.06.2026, 09:48:35 [INFO]: get all trips by userId: 5
08.06.2026, 10:11:27 [INFO]: verifyToken - path: /auth/login
08.06.2026, 10:11:27 [INFO]: verifyToken - skipping auth routes
08.06.2026, 10:11:27 [INFO]: user id:undefined, method:POST, url:/auth/login
08.06.2026, 10:11:27 [INFO]: Connected to MySQL at 127.0.0.1
08.06.2026, 10:11:28 [INFO]: login successful for national id: 999999999 form institution: 410011
08.06.2026, 10:12:31 [INFO]: verifyToken - path: /trips
08.06.2026, 10:12:31 [INFO]: verifyToken - successful for user: coordinator (id number: 5)
08.06.2026, 10:12:31 [INFO]: user id:undefined, method:POST, url:/trips
08.06.2026, 10:12:31 [INFO]: in require role middleware
08.06.2026, 10:12:31 [INFO]: roles for user id:5,  roles: coordinator
08.06.2026, 10:12:31 [INFO]: getById users called with national id: 111111111
08.06.2026, 10:12:31 [INFO]: getById users successful for national id: 111111111
08.06.2026, 10:12:31 [INFO]: the school id from add trip is: 1
08.06.2026, 10:12:31 [WARN]: error: coordinatorAndPrincipal is not iterable, from function addTrip in trips.service
08.06.2026, 10:12:31 [WARN]: creating trip failed
08.06.2026, 10:13:01 [INFO]: verifyToken - path: /trips
08.06.2026, 10:13:01 [INFO]: verifyToken - successful for user: coordinator (id number: 5)
08.06.2026, 10:13:01 [INFO]: user id:undefined, method:POST, url:/trips
08.06.2026, 10:13:01 [INFO]: in require role middleware
08.06.2026, 10:13:01 [INFO]: Connected to MySQL at 127.0.0.1
08.06.2026, 10:13:13 [INFO]: verifyToken - path: /auth/login
08.06.2026, 10:13:13 [INFO]: verifyToken - skipping auth routes
08.06.2026, 10:13:13 [INFO]: user id:undefined, method:POST, url:/auth/login
08.06.2026, 10:13:14 [INFO]: login successful for national id: 123456789 form institution: 410011
08.06.2026, 10:13:50 [INFO]: verifyToken - path: /trips
08.06.2026, 10:13:50 [INFO]: verifyToken - successful for user: principal (id number: 1)
08.06.2026, 10:13:50 [INFO]: user id:undefined, method:POST, url:/trips
08.06.2026, 10:13:50 [INFO]: in require role middleware
08.06.2026, 10:13:50 [INFO]: roles for user id:1,  roles: principal
08.06.2026, 10:13:50 [INFO]: getById users called with national id: 111111111
08.06.2026, 10:13:50 [INFO]: getById users successful for national id: 111111111
08.06.2026, 10:13:50 [INFO]: the school id from add trip is: 1
08.06.2026, 10:13:50 [WARN]: error: Incorrect integer value: '[{"id":5},{"id":1}]' for column 'staff_id' at row 2, from function addTrip in trips.service
08.06.2026, 10:13:50 [WARN]: creating trip failed
08.06.2026, 10:23:33 [INFO]: verifyToken - path: /trips
08.06.2026, 10:23:33 [INFO]: verifyToken - successful for user: principal (id number: 1)
08.06.2026, 10:23:33 [INFO]: user id:undefined, method:GET, url:/trips
08.06.2026, 10:23:33 [INFO]: in require role middleware
08.06.2026, 10:23:33 [INFO]: Connected to MySQL at 127.0.0.1
08.06.2026, 10:41:10 [INFO]: verifyToken - path: /trips
08.06.2026, 10:41:10 [WARN]: verifyToken - no token provided for path: /trips
08.06.2026, 10:43:46 [INFO]: verifyToken - path: /auth/login
08.06.2026, 10:43:46 [INFO]: verifyToken - skipping auth routes
08.06.2026, 10:43:46 [INFO]: user id:undefined, method:POST, url:/auth/login
08.06.2026, 10:43:47 [INFO]: login successful for national id: 123456789 form institution: 410011
08.06.2026, 10:43:54 [INFO]: verifyToken - path: /trips
08.06.2026, 10:43:54 [INFO]: verifyToken - successful for user: principal (id number: 1)
08.06.2026, 10:43:54 [INFO]: user id:undefined, method:POST, url:/trips
08.06.2026, 10:43:54 [INFO]: in require role middleware
08.06.2026, 10:43:54 [INFO]: roles for user id:1,  roles: principal
08.06.2026, 10:43:54 [INFO]: getById users called with national id: 123456789
08.06.2026, 10:43:54 [INFO]: getById users successful for national id: 123456789
08.06.2026, 10:43:54 [INFO]: the school id from add trip is: 1
08.06.2026, 10:43:54 [WARN]: error: Incorrect integer value: 'pending' for column 'trip_status' at row 1, from function addTrip in trips.service
08.06.2026, 10:43:54 [WARN]: creating trip failed
08.06.2026, 10:45:20 [INFO]: verifyToken - path: /trips
08.06.2026, 10:45:20 [INFO]: verifyToken - successful for user: principal (id number: 1)
08.06.2026, 10:45:20 [INFO]: user id:undefined, method:POST, url:/trips
08.06.2026, 10:45:20 [INFO]: in require role middleware
08.06.2026, 10:45:20 [INFO]: roles for user id:1,  roles: principal
08.06.2026, 10:45:20 [INFO]: getById users called with national id: 123456789
08.06.2026, 10:45:20 [INFO]: getById users successful for national id: 123456789
08.06.2026, 10:45:20 [INFO]: the school id from add trip is: 1
08.06.2026, 10:45:20 [WARN]: error: Incorrect integer value: '[{"id":5},{"id":1}]' for column 'staff_id' at row 2, from function addTrip in trips.service
08.06.2026, 10:45:20 [WARN]: creating trip failed
08.06.2026, 10:47:38 [INFO]: verifyToken - path: /auth/login
08.06.2026, 10:47:38 [INFO]: verifyToken - skipping auth routes
08.06.2026, 10:47:38 [INFO]: user id:undefined, method:POST, url:/auth/login
08.06.2026, 10:47:38 [INFO]: Connected to MySQL at 127.0.0.1
08.06.2026, 10:47:38 [INFO]: login successful for national id: 123456789 form institution: 410011
08.06.2026, 10:47:40 [INFO]: verifyToken - path: /trips
08.06.2026, 10:47:40 [INFO]: verifyToken - successful for user: principal (id number: 1)
08.06.2026, 10:47:40 [INFO]: user id:undefined, method:POST, url:/trips
08.06.2026, 10:47:40 [INFO]: in require role middleware
08.06.2026, 10:47:40 [INFO]: roles for user id:1,  roles: principal
08.06.2026, 10:47:40 [INFO]: getById users called with national id: 123456789
08.06.2026, 10:47:40 [INFO]: getById users successful for national id: 123456789
08.06.2026, 10:47:40 [INFO]: the school id from add trip is: 1
08.06.2026, 10:47:40 [WARN]: error: Assignment to constant variable., from function addTrip in trips.service
08.06.2026, 10:47:40 [WARN]: creating trip failed
08.06.2026, 10:47:55 [INFO]: verifyToken - path: /auth/login
08.06.2026, 10:47:55 [INFO]: verifyToken - skipping auth routes
08.06.2026, 10:47:55 [INFO]: user id:undefined, method:POST, url:/auth/login
08.06.2026, 10:47:55 [INFO]: Connected to MySQL at 127.0.0.1
08.06.2026, 10:47:55 [INFO]: login successful for national id: 123456789 form institution: 410011
08.06.2026, 10:47:57 [INFO]: verifyToken - path: /trips
08.06.2026, 10:47:57 [INFO]: verifyToken - successful for user: principal (id number: 1)
08.06.2026, 10:47:57 [INFO]: user id:undefined, method:POST, url:/trips
08.06.2026, 10:47:57 [INFO]: in require role middleware
08.06.2026, 10:47:57 [INFO]: roles for user id:1,  roles: principal
08.06.2026, 10:47:57 [INFO]: getById users called with national id: 123456789
08.06.2026, 10:47:57 [INFO]: getById users successful for national id: 123456789
08.06.2026, 10:47:57 [INFO]: the school id from add trip is: 1
08.06.2026, 10:47:57 [WARN]: error: Bind parameters must not contain undefined. To pass SQL NULL specify JS null, from function addTrip in trips.service
08.06.2026, 10:47:57 [WARN]: creating trip failed
08.06.2026, 10:48:15 [INFO]: verifyToken - path: /auth/login
08.06.2026, 10:48:15 [INFO]: verifyToken - skipping auth routes
08.06.2026, 10:48:15 [INFO]: user id:undefined, method:POST, url:/auth/login
08.06.2026, 10:48:15 [INFO]: Connected to MySQL at 127.0.0.1
08.06.2026, 10:48:16 [INFO]: login successful for national id: 123456789 form institution: 410011
08.06.2026, 10:48:18 [INFO]: verifyToken - path: /trips
08.06.2026, 10:48:18 [INFO]: verifyToken - successful for user: principal (id number: 1)
08.06.2026, 10:48:18 [INFO]: user id:undefined, method:POST, url:/trips
08.06.2026, 10:48:18 [INFO]: in require role middleware
08.06.2026, 10:48:18 [INFO]: roles for user id:1,  roles: principal
08.06.2026, 10:48:18 [INFO]: getById users called with national id: 123456789
08.06.2026, 10:48:18 [INFO]: getById users successful for national id: 123456789
08.06.2026, 10:48:18 [INFO]: the school id from add trip is: 1
08.06.2026, 10:48:18 [INFO]: trip added successfully
08.06.2026, 10:48:18 [INFO]: new trip added successfully
