2026-05-28T16:50:57.065Z [INFO]: user id:undefined, method:GET, url:/auth/signup
2026-05-28T16:51:25.261Z [INFO]: user id:undefined, method:GET, url:/auth/register
2026-05-28T16:51:41.841Z [INFO]: user id:undefined, method:GET, url:/auth/register
2026-05-28T16:53:22.407Z [INFO]: user id:undefined, method:GET, url:/auth/register
2026-05-28T16:54:05.840Z [INFO]: user id:undefined, method:GET, url:/auth/register
2026-05-28T16:54:28.338Z [INFO]: user id:undefined, method:GET, url:/auth/register
2026-05-28T16:54:28.396Z [INFO]: Connected to MySQL at 127.0.0.1
2026-05-28T16:56:18.665Z [INFO]: user id:undefined, method:GET, url:/auth/register
2026-05-28T16:56:18.687Z [INFO]: Connected to MySQL at 127.0.0.1
2026-05-28T16:58:04.700Z [INFO]: user id:undefined, method:GET, url:/auth/register
2026-05-28T16:58:04.727Z [INFO]: Connected to MySQL at 127.0.0.1
2026-05-28T16:58:50.035Z [INFO]: user id:undefined, method:GET, url:/auth/register
2026-05-28T16:58:50.062Z [INFO]: Connected to MySQL at 127.0.0.1
2026-05-28T17:00:55.792Z [INFO]: user id:undefined, method:GET, url:/auth/register
2026-05-28T17:00:55.828Z [INFO]: Connected to MySQL at 127.0.0.1
2026-05-28T17:01:39.603Z [INFO]: user id:undefined, method:GET, url:/auth/register
2026-05-28T17:01:39.647Z [INFO]: Connected to MySQL at 127.0.0.1
2026-05-28T17:03:27.804Z [INFO]: user id:undefined, method:GET, url:/auth/register
2026-05-28T17:03:27.822Z [INFO]: Connected to MySQL at 127.0.0.1
2026-05-28T17:03:51.438Z [INFO]: user id:undefined, method:GET, url:/auth/register
2026-05-28T17:06:00.662Z [INFO]: user id:undefined, method:GET, url:/auth/register
2026-05-28T17:07:13.385Z [INFO]: user id:undefined, method:GET, url:/auth/register
2026-05-28T17:07:13.412Z [INFO]: Connected to MySQL at 127.0.0.1
2026-05-28T17:07:49.348Z [INFO]: user id:undefined, method:GET, url:/auth/register
2026-05-28T17:07:49.367Z [INFO]: Connected to MySQL at 127.0.0.1
2026-05-28T17:08:07.681Z [INFO]: user id:undefined, method:GET, url:/auth/register
2026-05-28T17:08:07.695Z [INFO]: Connected to MySQL at 127.0.0.1
2026-05-28T17:08:20.539Z [INFO]: user id:undefined, method:GET, url:/auth/register
2026-05-28T17:08:20.577Z [INFO]: Connected to MySQL at 127.0.0.1
2026-05-28T17:08:42.615Z [INFO]: user id:undefined, method:GET, url:/auth/register
2026-05-28T17:08:42.643Z [INFO]: Connected to MySQL at 127.0.0.1
2026-05-28T17:09:37.779Z [INFO]: user id:undefined, method:GET, url:/auth/register
2026-05-28T17:09:37.805Z [INFO]: Connected to MySQL at 127.0.0.1
2026-05-28T17:10:26.980Z [INFO]: user id:undefined, method:GET, url:/auth/register
2026-05-28T17:10:27.013Z [INFO]: Connected to MySQL at 127.0.0.1
2026-05-28T17:10:55.568Z [INFO]: user id:undefined, method:GET, url:/auth/register
2026-05-28T17:10:55.587Z [INFO]: Connected to MySQL at 127.0.0.1
2026-05-28T17:12:16.728Z [INFO]: user id:undefined, method:GET, url:/auth/register
2026-05-28T17:12:16.768Z [INFO]: Connected to MySQL at 127.0.0.1
2026-05-28T17:12:40.639Z [INFO]: user id:undefined, method:GET, url:/auth/register
2026-05-28T17:12:40.689Z [INFO]: Connected to MySQL at 127.0.0.1
2026-05-28T17:13:08.656Z [INFO]: user id:undefined, method:GET, url:/auth/register
2026-05-28T17:13:08.673Z [INFO]: Connected to MySQL at 127.0.0.1
2026-05-28T17:14:28.746Z [INFO]: user id:undefined, method:GET, url:/auth/register
2026-05-28T17:14:28.787Z [INFO]: Connected to MySQL at 127.0.0.1
2026-05-28T17:14:47.973Z [INFO]: user id:undefined, method:GET, url:/auth/register
2026-05-28T17:14:47.994Z [INFO]: Connected to MySQL at 127.0.0.1
2026-05-28T17:30:02.903Z [INFO]: user id:undefined, method:GET, url:/auth/register
2026-05-28T17:30:02.938Z [INFO]: Connected to MySQL at 127.0.0.1
2026-05-28T17:30:56.798Z [INFO]: user id:undefined, method:GET, url:/auth/register
2026-05-28T17:30:56.832Z [INFO]: Connected to MySQL at 127.0.0.1
2026-05-28T17:31:18.269Z [INFO]: user id:undefined, method:GET, url:/auth/register
2026-05-28T17:31:18.286Z [INFO]: Connected to MySQL at 127.0.0.1
2026-05-28T17:32:55.919Z [INFO]: user id:undefined, method:GET, url:/auth/register
2026-05-28T17:32:55.953Z [INFO]: Connected to MySQL at 127.0.0.1
2026-05-28T17:33:58.007Z [INFO]: user id:undefined, method:GET, url:/auth/register
2026-05-28T17:33:58.028Z [INFO]: Connected to MySQL at 127.0.0.1
2026-05-28T17:34:20.216Z [INFO]: user id:undefined, method:GET, url:/auth/register
2026-05-28T17:34:20.231Z [INFO]: Connected to MySQL at 127.0.0.1
2026-05-28T17:35:04.508Z [INFO]: user id:undefined, method:GET, url:/auth/register
2026-05-28T17:35:04.518Z [INFO]: Connected to MySQL at 127.0.0.1
2026-05-28T17:35:59.865Z [INFO]: user id:undefined, method:GET, url:/auth/register
2026-05-28T17:35:59.892Z [INFO]: Connected to MySQL at 127.0.0.1
2026-05-28T17:37:19.193Z [INFO]: user id:undefined, method:GET, url:/auth/register
2026-05-28T17:37:19.208Z [INFO]: Connected to MySQL at 127.0.0.1
2026-05-28T17:38:19.065Z [INFO]: user id:undefined, method:GET, url:/auth/register
2026-05-28T17:38:19.079Z [INFO]: Connected to MySQL at 127.0.0.1
2026-05-28T17:38:59.643Z [INFO]: user id:undefined, method:GET, url:/auth/register
2026-05-28T17:38:59.661Z [INFO]: Connected to MySQL at 127.0.0.1
2026-05-28T17:39:33.610Z [INFO]: user id:undefined, method:GET, url:/auth/register
2026-05-28T17:39:33.627Z [INFO]: Connected to MySQL at 127.0.0.1
2026-05-28T17:40:03.596Z [INFO]: user id:undefined, method:POST, url:/auth/register
2026-05-28T17:40:03.604Z [INFO]: in cotroller - sign up
2026-05-28T17:40:03.878Z [INFO]: addUser called for username: undefined
2026-05-28T17:40:03.878Z [ERROR]: addUser error: getConnection is not defined
2026-05-28T17:40:03.878Z [WARN]: signup error: getConnection is not defined
2026-05-28T17:42:15.194Z [INFO]: user id:undefined, method:POST, url:/auth/register
2026-05-28T17:42:15.212Z [INFO]: Connected to MySQL at 127.0.0.1
2026-05-28T17:42:15.233Z [INFO]: in cotroller - sign up
2026-05-28T17:42:15.523Z [INFO]: addUser called for user: שם מנהל מוסד
2026-05-28T17:42:15.523Z [ERROR]: addUser error: Bind parameters must not contain undefined. To pass SQL NULL specify JS null
2026-05-28T17:42:15.524Z [WARN]: signup error: Bind parameters must not contain undefined. To pass SQL NULL specify JS null
2026-05-28T17:44:04.399Z [INFO]: user id:undefined, method:POST, url:/auth/register
2026-05-28T17:44:04.434Z [INFO]: Connected to MySQL at 127.0.0.1
2026-05-28T17:44:04.463Z [INFO]: in cotroller - sign up
2026-05-28T17:44:04.774Z [INFO]: addUser called for user: שם מנהל מוסד
2026-05-28T17:44:04.837Z [ERROR]: addUser error: Cannot read properties of undefined (reading 'insertId')
2026-05-28T17:44:04.837Z [WARN]: signup error: Cannot read properties of undefined (reading 'insertId')
2026-05-28T17:44:35.725Z [INFO]: user id:undefined, method:POST, url:/auth/register
2026-05-28T17:44:35.753Z [INFO]: Connected to MySQL at 127.0.0.1
2026-05-28T17:44:35.782Z [INFO]: in cotroller - sign up
2026-05-28T17:44:36.204Z [INFO]: addUser called for user: שם מנהל מוסד
2026-05-28T17:44:36.218Z [ERROR]: addUser error: Duplicate entry '123' for key 'schools.institution_number'
2026-05-28T17:44:36.219Z [WARN]: signup error: Duplicate entry '123' for key 'schools.institution_number'
2026-05-28T17:45:09.377Z [INFO]: user id:undefined, method:POST, url:/auth/register
2026-05-28T17:45:09.400Z [INFO]: Connected to MySQL at 127.0.0.1
2026-05-28T17:45:09.439Z [INFO]: in cotroller - sign up
2026-05-28T17:45:09.772Z [INFO]: addUser called for user: שם מנהל מוסד
2026-05-28T17:45:09.777Z [ERROR]: addUser error: Cannot read properties of undefined (reading 'insertId')
2026-05-28T17:45:09.778Z [WARN]: signup error: Cannot read properties of undefined (reading 'insertId')
2026-05-28T17:45:45.699Z [INFO]: user id:undefined, method:POST, url:/auth/register
2026-05-28T17:45:45.713Z [INFO]: in cotroller - sign up
2026-05-28T17:45:46.030Z [INFO]: addUser called for user: שם מנהל מוסד
2026-05-28T17:45:46.034Z [ERROR]: addUser error: Duplicate entry '123' for key 'schools.institution_number'
2026-05-28T17:45:46.034Z [WARN]: signup error: Duplicate entry '123' for key 'schools.institution_number'
2026-05-28T17:46:07.561Z [INFO]: user id:undefined, method:POST, url:/auth/register
2026-05-28T17:46:07.582Z [INFO]: Connected to MySQL at 127.0.0.1
2026-05-28T17:46:07.610Z [INFO]: in cotroller - sign up
2026-05-28T17:46:07.972Z [INFO]: addUser called for user: שם מנהל מוסד
2026-05-28T17:46:07.979Z [ERROR]: addUser error: Cannot read properties of undefined (reading 'insertId')
2026-05-28T17:46:07.980Z [WARN]: signup error: Cannot read properties of undefined (reading 'insertId')
2026-05-28T17:46:38.136Z [INFO]: user id:undefined, method:POST, url:/auth/register
2026-05-28T17:46:38.159Z [INFO]: Connected to MySQL at 127.0.0.1
2026-05-28T17:46:38.182Z [INFO]: in cotroller - sign up
2026-05-28T17:46:38.681Z [INFO]: addUser called for user: שם מנהל מוסד
2026-05-28T17:46:38.693Z [ERROR]: addUser error: Duplicate entry '123' for key 'schools.institution_number'
2026-05-28T17:46:38.694Z [WARN]: signup error: Duplicate entry '123' for key 'schools.institution_number'
2026-05-28T17:46:55.986Z [INFO]: user id:undefined, method:POST, url:/auth/register
2026-05-28T17:46:56.003Z [INFO]: Connected to MySQL at 127.0.0.1
2026-05-28T17:46:56.041Z [INFO]: in cotroller - sign up
2026-05-28T17:46:56.454Z [INFO]: addUser called for user: שם מנהל מוסד
2026-05-28T17:46:56.468Z [ERROR]: addUser error: Column count doesn't match value count at row 1
2026-05-28T17:46:56.469Z [WARN]: signup error: Column count doesn't match value count at row 1
2026-05-28T17:47:53.943Z [INFO]: user id:undefined, method:POST, url:/auth/register
2026-05-28T17:47:53.960Z [INFO]: Connected to MySQL at 127.0.0.1
2026-05-28T17:47:53.996Z [INFO]: in cotroller - sign up
2026-05-28T17:47:54.309Z [INFO]: addUser called for user: שם מנהל מוסד
2026-05-28T17:47:54.319Z [ERROR]: addUser error: Column count doesn't match value count at row 1
2026-05-28T17:47:54.320Z [WARN]: signup error: Column count doesn't match value count at row 1
2026-05-28T17:49:41.495Z [INFO]: user id:undefined, method:POST, url:/auth/register
2026-05-28T17:49:41.516Z [INFO]: Connected to MySQL at 127.0.0.1
2026-05-28T17:49:41.544Z [INFO]: in cotroller - sign up
2026-05-28T17:49:41.924Z [INFO]: addUser called for user: שם מנהל מוסד
2026-05-28T17:49:41.931Z [ERROR]: addUser error: Duplicate entry '123' for key 'schools.institution_number'
2026-05-28T17:49:41.931Z [WARN]: signup error: Duplicate entry '123' for key 'schools.institution_number'
2026-05-28T17:49:57.135Z [INFO]: user id:undefined, method:POST, url:/auth/register
2026-05-28T17:49:57.158Z [INFO]: Connected to MySQL at 127.0.0.1
2026-05-28T17:49:57.205Z [INFO]: in cotroller - sign up
2026-05-28T17:49:57.520Z [INFO]: addUser called for user: שם מנהל מוסד
2026-05-28T17:49:57.529Z [ERROR]: addUser error: Column count doesn't match value count at row 1
2026-05-28T17:49:57.530Z [WARN]: signup error: Column count doesn't match value count at row 1
2026-05-28T17:51:57.273Z [INFO]: user id:undefined, method:POST, url:/auth/register
2026-05-28T17:51:57.300Z [INFO]: Connected to MySQL at 127.0.0.1
2026-05-28T17:51:57.330Z [INFO]: in cotroller - sign up
2026-05-28T17:51:57.727Z [INFO]: addUser called for user: שם מנהל מוסד
2026-05-28T17:51:57.733Z [ERROR]: addUser error: Duplicate entry '123' for key 'schools.institution_number'
2026-05-28T17:51:57.733Z [WARN]: signup error: Duplicate entry '123' for key 'schools.institution_number'
2026-05-28T17:52:21.895Z [INFO]: user id:undefined, method:POST, url:/auth/register
2026-05-28T17:52:21.920Z [INFO]: Connected to MySQL at 127.0.0.1
2026-05-28T17:52:21.970Z [INFO]: in cotroller - sign up
2026-05-28T17:52:22.378Z [INFO]: addUser called for user: שם מנהל מוסד
2026-05-28T17:52:22.387Z [ERROR]: addUser error: Column count doesn't match value count at row 1
2026-05-28T17:52:22.387Z [WARN]: signup error: Column count doesn't match value count at row 1
2026-05-28T17:54:37.669Z [INFO]: user id:undefined, method:POST, url:/auth/register
2026-05-28T17:54:37.717Z [INFO]: Connected to MySQL at 127.0.0.1
2026-05-28T17:54:37.805Z [INFO]: in cotroller - sign up
2026-05-28T17:54:38.113Z [INFO]: addUser called for user: שם מנהל מוסד
2026-05-28T17:54:38.121Z [ERROR]: addUser error: Duplicate entry '123' for key 'schools.institution_number'
2026-05-28T17:54:38.122Z [WARN]: signup error: Duplicate entry '123' for key 'schools.institution_number'
2026-05-28T17:54:53.389Z [INFO]: user id:undefined, method:POST, url:/auth/register
2026-05-28T17:54:53.403Z [INFO]: Connected to MySQL at 127.0.0.1
2026-05-28T17:54:53.436Z [INFO]: in cotroller - sign up
2026-05-28T17:54:53.772Z [INFO]: addUser called for user: שם מנהל מוסד
2026-05-28T17:54:53.790Z [ERROR]: addUser error: Table 'trip_manager.passwords' doesn't exist
2026-05-28T17:54:53.790Z [WARN]: signup error: Table 'trip_manager.passwords' doesn't exist
2026-05-28T17:55:44.520Z [INFO]: user id:undefined, method:POST, url:/auth/register
2026-05-28T17:55:44.535Z [INFO]: Connected to MySQL at 127.0.0.1
2026-05-28T17:55:44.554Z [INFO]: in cotroller - sign up
2026-05-28T17:55:44.869Z [INFO]: addUser called for user: שם מנהל מוסד
2026-05-28T17:55:44.882Z [ERROR]: addUser error: Unknown column 'hashed_password' in 'field list'
2026-05-28T17:55:44.882Z [WARN]: signup error: Unknown column 'hashed_password' in 'field list'
2026-05-28T17:56:54.255Z [INFO]: user id:undefined, method:POST, url:/auth/register
2026-05-28T17:56:54.272Z [INFO]: Connected to MySQL at 127.0.0.1
2026-05-28T17:56:54.303Z [INFO]: in cotroller - sign up
2026-05-28T17:56:54.613Z [INFO]: addUser called for user: שם מנהל מוסד
2026-05-28T17:56:54.639Z [ERROR]: addUser error: Table 'trip_manager.user_role' doesn't exist
2026-05-28T17:56:54.639Z [WARN]: signup error: Table 'trip_manager.user_role' doesn't exist
2026-05-28T17:57:28.848Z [INFO]: user id:undefined, method:POST, url:/auth/register
2026-05-28T17:57:28.872Z [INFO]: Connected to MySQL at 127.0.0.1
2026-05-28T17:57:28.888Z [INFO]: in cotroller - sign up
2026-05-28T17:57:29.218Z [INFO]: addUser called for user: שם מנהל מוסד
2026-05-28T17:57:29.230Z [ERROR]: addUser error: Duplicate entry '123' for key 'schools.institution_number'
2026-05-28T17:57:29.232Z [WARN]: signup error: Duplicate entry '123' for key 'schools.institution_number'
2026-05-28T17:57:43.876Z [INFO]: user id:undefined, method:POST, url:/auth/register
2026-05-28T17:57:43.893Z [INFO]: Connected to MySQL at 127.0.0.1
2026-05-28T17:57:43.939Z [INFO]: in cotroller - sign up
2026-05-28T17:57:44.274Z [INFO]: addUser called for user: שם מנהל מוסד
2026-05-28T17:57:44.297Z [ERROR]: addUser error: Cannot add or update a child row: a foreign key constraint fails (`trip_manager`.`user_roles`, CONSTRAINT `user_roles_ibfk_2` FOREIGN KEY (`role_name`) REFERENCES `roles` (`role_name`) ON DELETE CASCADE)
2026-05-28T17:57:44.298Z [WARN]: signup error: Cannot add or update a child row: a foreign key constraint fails (`trip_manager`.`user_roles`, CONSTRAINT `user_roles_ibfk_2` FOREIGN KEY (`role_name`) REFERENCES `roles` (`role_name`) ON DELETE CASCADE)
2026-05-28T17:58:54.816Z [INFO]: user id:undefined, method:POST, url:/auth/register
2026-05-28T17:58:54.829Z [INFO]: Connected to MySQL at 127.0.0.1
2026-05-28T17:58:54.862Z [INFO]: in cotroller - sign up
2026-05-28T17:58:55.160Z [INFO]: addUser called for user: שם מנהל מוסד
2026-05-28T17:58:55.187Z [INFO]: addUser successful, user id: 1
2026-05-28T17:58:55.188Z [WARN]: signup error: secretOrPrivateKey must have a value
2026-05-28T18:00:07.063Z [INFO]: user id:undefined, method:POST, url:/auth/register
2026-05-28T18:00:07.080Z [INFO]: Connected to MySQL at 127.0.0.1
2026-05-28T18:00:07.107Z [INFO]: in cotroller - sign up
2026-05-28T18:00:07.441Z [INFO]: addUser called for user: שם מנהל מוסד
2026-05-28T18:00:07.474Z [INFO]: addUser successful, user id: 1
2026-05-28T18:00:07.488Z [INFO]: signup successful for email: email@gmail.com
2026-05-28T18:03:12.281Z [INFO]: user id:undefined, method:POST, url:/auth/register
2026-05-28T18:03:12.284Z [INFO]: in cotroller - sign up
2026-05-28T18:03:12.674Z [INFO]: addUser called for user: שם מנהל מוסד
2026-05-28T18:03:12.675Z [ERROR]: addUser error: Cannot read properties of null (reading 'execute')
2026-05-28T18:03:12.676Z [WARN]: register error: Cannot read properties of null (reading 'execute')
2026-05-28T18:04:07.716Z [INFO]: user id:undefined, method:POST, url:/auth/register
2026-05-28T18:04:07.721Z [INFO]: in cotroller - sign up
2026-05-28T18:04:08.045Z [INFO]: addUser called for user: שם מנהל מוסד
2026-05-28T18:04:08.047Z [ERROR]: addUser error: Cannot read properties of null (reading 'execute')
2026-05-28T18:04:08.048Z [WARN]: register error: Cannot read properties of null (reading 'execute')
2026-05-28T18:05:14.467Z [INFO]: user id:undefined, method:POST, url:/auth/register
2026-05-28T18:05:14.497Z [INFO]: Connected to MySQL at 127.0.0.1
2026-05-28T18:05:14.538Z [INFO]: in cotroller - sign up
2026-05-28T18:05:14.854Z [INFO]: addUser called for user: שם מנהל מוסד
2026-05-28T18:05:14.877Z [INFO]: addUser successful, user id: 1
2026-05-28T18:05:14.893Z [INFO]: register successful for email: email@gmail.com
2026-05-28T19:58:47.145Z [INFO]: user id:undefined, method:POST, url:/auth/register
2026-05-28T19:58:47.184Z [INFO]: Connected to MySQL at undefined
2026-05-28T19:58:47.230Z [INFO]: in cotroller - sign up
2026-05-28T19:58:47.437Z [INFO]: addUser called for user: שם מנהל מוסד
2026-05-28T19:58:47.454Z [INFO]: addUser successful, user id: 1
2026-05-28T19:58:47.464Z [INFO]: register successful for national id: 123456789
2026-05-28T20:13:48.836Z [INFO]: user id:undefined, method:POST, url:/auth/register
2026-05-28T20:13:48.860Z [INFO]: Connected to MySQL at undefined
2026-05-28T20:13:48.887Z [INFO]: in cotroller - sign up
2026-05-28T20:13:49.086Z [INFO]: addUser called for user: שם מנהל מוסד
2026-05-28T20:13:49.103Z [INFO]: addUser successful, user id: 1
2026-05-28T20:13:49.112Z [INFO]: register successful for national id: 123456789
2026-05-28T20:13:59.218Z [INFO]: user id:undefined, method:POST, url:/auth/login
2026-05-28T20:13:59.225Z [WARN]: login error: Unknown column 'user_password.is_active' in 'where clause'
2026-05-28T20:14:28.652Z [INFO]: user id:undefined, method:POST, url:/auth/login
2026-05-28T20:14:28.662Z [INFO]: Connected to MySQL at undefined
2026-05-28T20:14:28.889Z [INFO]: login successful for email: email@gmail.com
2026-05-29T08:40:29.203Z [INFO]: user id:undefined, method:POST, url:/auth/register
2026-05-29T08:40:29.237Z [INFO]: Connected to MySQL at undefined
2026-05-29T08:40:29.267Z [INFO]: in cotroller - sign up
2026-05-29T08:40:29.582Z [INFO]: addUser called for user: שם מנהל מוסד
2026-05-29T08:40:29.601Z [INFO]: addUser successful, user id: 1
2026-05-29T08:40:29.612Z [INFO]: register successful for national id: 123456789
2026-05-29T08:41:16.568Z [INFO]: user id:undefined, method:POST, url:/auth/login
2026-05-29T08:41:16.878Z [INFO]: login successful for national id: 123456789 form institution: 123
2026-05-29T08:45:33.316Z [INFO]: user id:undefined, method:POST, url:/auth/register
2026-05-29T08:45:33.338Z [INFO]: Connected to MySQL at undefined
2026-05-29T08:45:33.374Z [INFO]: in cotroller - sign up
2026-05-29T08:45:33.904Z [INFO]: addUser called for user: שם מנהל מוסד
2026-05-29T08:45:33.921Z [INFO]: addUser successful, user id: 1
2026-05-29T08:45:33.930Z [INFO]: register successful for national id: 123456789
2026-05-29T08:45:45.695Z [INFO]: user id:undefined, method:POST, url:/auth/login
2026-05-29T08:45:46.272Z [INFO]: login successful for national id: 123456789 form institution: 123
2026-05-29T08:46:13.290Z [INFO]: user id:undefined, method:POST, url:/auth/logout
2026-05-29T08:46:13.299Z [INFO]: user undefined logged out
2026-05-31T12:15:48.776Z [INFO]: user id:undefined, method:POST, url:/auth/register
2026-05-31T12:15:48.794Z [ERROR]: Database connection failed: Access denied for user ''@'localhost' (using password: NO)
2026-05-31T12:20:44.383Z [INFO]: user id:undefined, method:POST, url:/auth/register
2026-05-31T12:20:44.407Z [INFO]: Connected to MySQL at undefined
2026-05-31T12:20:44.546Z [INFO]: in cotroller - sign up
2026-05-31T12:20:44.864Z [INFO]: addUser called for user: שם מנהל מוסד
2026-05-31T12:20:44.901Z [INFO]: addUser successful, user id: 1
2026-05-31T12:20:44.915Z [INFO]: register successful for national id: 123456789
2026-05-31T12:20:58.534Z [INFO]: user id:undefined, method:POST, url:/auth/login
2026-05-31T12:20:58.888Z [INFO]: login successful for national id: 123456789 form institution: 123
2026-05-31T12:24:45.283Z [INFO]: user id:undefined, method:GET, url:/users
2026-05-31T12:25:31.910Z [INFO]: user id:undefined, method:GET, url:/users
2026-05-31T12:27:05.767Z [INFO]: user id:undefined, method:GET, url:/users
2026-05-31T12:28:07.549Z [INFO]: user id:undefined, method:GET, url:/users/
2026-05-31T12:29:34.427Z [INFO]: user id:undefined, method:GET, url:/users
2026-05-31T12:30:15.566Z [INFO]: user id:undefined, method:GET, url:/users
2026-05-31T12:30:59.542Z [INFO]: user id:undefined, method:GET, url:/users
2026-05-31T12:30:59.545Z [INFO]: in require role middleware
2026-05-31T12:31:24.761Z [INFO]: user id:undefined, method:GET, url:/users
2026-05-31T12:31:24.764Z [INFO]: in require role middleware
2026-05-31T12:31:47.086Z [INFO]: user id:undefined, method:GET, url:/users
2026-05-31T12:31:47.089Z [INFO]: in require role middleware
2026-05-31T12:33:09.936Z [INFO]: user id:undefined, method:GET, url:/users
2026-05-31T12:33:09.939Z [INFO]: in require role middleware
2026-05-31T12:33:51.003Z [INFO]: user id:undefined, method:GET, url:/users
2026-05-31T12:33:51.005Z [INFO]: in require role middleware
2026-05-31T12:39:13.165Z [INFO]: verifyToken - path: /users
2026-05-31T12:39:33.258Z [INFO]: verifyToken - path: /login
2026-05-31T12:39:52.466Z [INFO]: verifyToken - path: /login
2026-05-31T12:40:05.372Z [INFO]: verifyToken - path: /auth/login
2026-05-31T12:40:05.373Z [INFO]: verifyToken - skipping auth routes
2026-05-31T12:40:05.373Z [INFO]: user id:undefined, method:POST, url:/auth/login
2026-05-31T12:40:05.402Z [INFO]: Connected to MySQL at undefined
2026-05-31T12:40:05.757Z [INFO]: login successful for national id: 123456789 form institution: 123
2026-05-31T12:40:27.080Z [INFO]: verifyToken - path: /users
2026-05-31T12:41:11.735Z [INFO]: verifyToken - path: /users
2026-05-31T12:41:17.931Z [INFO]: verifyToken - path: /users
2026-05-31T12:42:06.650Z [INFO]: verifyToken - path: /users
2026-05-31T12:43:21.664Z [INFO]: verifyToken - path: /auth/login
2026-05-31T12:43:21.665Z [INFO]: verifyToken - skipping auth routes
2026-05-31T12:43:21.666Z [INFO]: user id:undefined, method:POST, url:/auth/login
2026-05-31T12:43:21.679Z [INFO]: Connected to MySQL at undefined
2026-05-31T12:43:22.047Z [INFO]: login successful for national id: 123456789 form institution: 123
2026-05-31T12:43:52.981Z [INFO]: verifyToken - path: /users
2026-05-31T12:44:27.776Z [INFO]: verifyToken - path: /users
2026-05-31T12:46:04.452Z [INFO]: verifyToken - path: /users
2026-05-31T12:46:04.458Z [INFO]: verifyToken - successful for user: undefined (id number: undefined)
2026-05-31T12:46:04.459Z [INFO]: user id:undefined, method:POST, url:/users
2026-05-31T12:46:13.697Z [INFO]: verifyToken - path: /users
2026-05-31T12:46:13.699Z [INFO]: verifyToken - successful for user: undefined (id number: undefined)
2026-05-31T12:46:13.700Z [INFO]: user id:undefined, method:GET, url:/users
2026-05-31T12:46:13.700Z [INFO]: in require role middleware
2026-05-31T12:47:06.590Z [INFO]: verifyToken - path: /users
2026-05-31T12:47:06.596Z [INFO]: verifyToken - successful for user: undefined (id number: undefined)
2026-05-31T12:47:06.597Z [INFO]: user id:undefined, method:GET, url:/users
2026-05-31T12:47:06.598Z [INFO]: in require role middleware
2026-05-31T12:47:35.522Z [INFO]: verifyToken - path: /users
2026-05-31T12:47:35.528Z [INFO]: verifyToken - successful for user: undefined (id number: undefined)
2026-05-31T12:47:35.528Z [INFO]: user id:undefined, method:GET, url:/users
2026-05-31T12:47:35.529Z [INFO]: in require role middleware
2026-05-31T12:47:35.544Z [INFO]: Connected to MySQL at undefined
2026-05-31T12:48:35.930Z [INFO]: verifyToken - path: /users
2026-05-31T12:48:35.935Z [INFO]: verifyToken - successful for user: undefined (id number: undefined)
2026-05-31T12:48:35.935Z [INFO]: user id:undefined, method:GET, url:/users
2026-05-31T12:48:35.937Z [INFO]: in require role middleware
2026-05-31T12:48:35.957Z [INFO]: Connected to MySQL at undefined
2026-05-31T12:51:22.744Z [INFO]: verifyToken - path: /auth/login
2026-05-31T12:51:22.744Z [INFO]: verifyToken - skipping auth routes
2026-05-31T12:51:22.744Z [INFO]: user id:undefined, method:POST, url:/auth/login
2026-05-31T12:51:23.061Z [INFO]: login successful for national id: 123456789 form institution: 123
2026-05-31T12:51:36.397Z [INFO]: verifyToken - path: /users
2026-05-31T12:51:36.399Z [INFO]: verifyToken - successful for user: undefined (id number: undefined)
2026-05-31T12:51:36.399Z [INFO]: user id:undefined, method:GET, url:/users
2026-05-31T12:51:36.400Z [INFO]: in require role middleware
2026-05-31T12:54:50.046Z [INFO]: verifyToken - path: /auth/login
2026-05-31T12:54:50.049Z [INFO]: verifyToken - skipping auth routes
2026-05-31T12:54:50.050Z [INFO]: user id:undefined, method:POST, url:/auth/login
2026-05-31T12:54:50.063Z [INFO]: Connected to MySQL at undefined
2026-05-31T12:54:50.386Z [INFO]: login successful for national id: 123456789 form institution: 123
2026-05-31T12:55:02.431Z [INFO]: verifyToken - path: /users
2026-05-31T12:55:02.433Z [INFO]: verifyToken - successful for user: undefined (id number: undefined)
2026-05-31T12:55:02.433Z [INFO]: user id:undefined, method:GET, url:/users
2026-05-31T12:55:02.434Z [INFO]: in require role middleware
2026-05-31T12:57:49.220Z [INFO]: verifyToken - path: /auth/login
2026-05-31T12:57:49.222Z [INFO]: verifyToken - skipping auth routes
2026-05-31T12:57:49.222Z [INFO]: user id:undefined, method:POST, url:/auth/login
2026-05-31T12:57:49.233Z [INFO]: Connected to MySQL at undefined
2026-05-31T12:57:49.553Z [INFO]: login successful for national id: 123456789 form institution: 123
2026-05-31T12:58:00.365Z [INFO]: verifyToken - path: /users
2026-05-31T12:58:00.367Z [INFO]: verifyToken - successful for user: undefined (id number: undefined)
2026-05-31T12:58:00.368Z [INFO]: user id:undefined, method:GET, url:/users
2026-05-31T12:58:00.368Z [INFO]: in require role middleware
2026-05-31T12:59:12.604Z [INFO]: verifyToken - path: /auth/login
2026-05-31T12:59:12.607Z [INFO]: verifyToken - skipping auth routes
2026-05-31T12:59:12.608Z [INFO]: user id:undefined, method:POST, url:/auth/login
2026-05-31T12:59:12.621Z [INFO]: Connected to MySQL at undefined
2026-05-31T12:59:12.956Z [INFO]: login successful for national id: 123456789 form institution: 123
2026-05-31T12:59:56.426Z [INFO]: verifyToken - path: /users
2026-05-31T12:59:56.428Z [INFO]: verifyToken - successful for user: undefined (id number: undefined)
2026-05-31T12:59:56.429Z [INFO]: user id:undefined, method:GET, url:/users
2026-05-31T12:59:56.430Z [INFO]: in require role middleware
2026-05-31T13:00:25.485Z [INFO]: verifyToken - path: /auth/login
2026-05-31T13:00:25.487Z [INFO]: verifyToken - skipping auth routes
2026-05-31T13:00:25.488Z [INFO]: user id:undefined, method:POST, url:/auth/login
2026-05-31T13:00:25.503Z [INFO]: Connected to MySQL at undefined
2026-05-31T13:00:25.833Z [INFO]: login successful for national id: 123456789 form institution: 123
2026-05-31T13:00:33.400Z [INFO]: verifyToken - path: /uses
2026-05-31T13:00:33.402Z [INFO]: verifyToken - successful for user: undefined (id number: 1)
2026-05-31T13:00:33.403Z [INFO]: user id:undefined, method:GET, url:/uses
2026-05-31T13:00:40.228Z [INFO]: verifyToken - path: /users
2026-05-31T13:00:40.230Z [INFO]: verifyToken - successful for user: undefined (id number: 1)
2026-05-31T13:00:40.230Z [INFO]: user id:undefined, method:GET, url:/users
2026-05-31T13:00:40.231Z [INFO]: in require role middleware
2026-05-31T13:02:28.497Z [INFO]: verifyToken - path: /users
2026-05-31T13:02:28.502Z [INFO]: verifyToken - successful for user: undefined (id number: 1)
2026-05-31T13:02:28.503Z [INFO]: user id:undefined, method:GET, url:/users
2026-05-31T13:02:28.504Z [INFO]: in require role middleware
2026-05-31T13:02:28.531Z [INFO]: Connected to MySQL at undefined
2026-05-31T13:04:13.570Z [INFO]: verifyToken - path: /auth/register
2026-05-31T13:04:13.574Z [INFO]: verifyToken - skipping auth routes
2026-05-31T13:04:13.576Z [INFO]: user id:undefined, method:POST, url:/auth/register
2026-05-31T13:04:13.601Z [INFO]: Connected to MySQL at undefined
2026-05-31T13:04:13.647Z [INFO]: in cotroller - sign up
2026-05-31T13:04:14.238Z [INFO]: addUser called for user: שם מנהל מוסד
2026-05-31T13:04:14.263Z [INFO]: addUser successful, user id: 1
2026-05-31T13:04:14.274Z [INFO]: register successful for national id: 123456789
2026-05-31T13:04:31.535Z [INFO]: verifyToken - path: /users
2026-05-31T13:04:31.539Z [INFO]: verifyToken - successful for user: principal (id number: undefined)
2026-05-31T13:04:31.540Z [INFO]: user id:undefined, method:GET, url:/users
2026-05-31T13:04:31.542Z [INFO]: in require role middleware
2026-05-31T13:06:12.256Z [INFO]: verifyToken - path: /auth/register
2026-05-31T13:06:12.271Z [INFO]: verifyToken - skipping auth routes
2026-05-31T13:06:12.272Z [INFO]: user id:undefined, method:POST, url:/auth/register
2026-05-31T13:06:12.297Z [INFO]: Connected to MySQL at undefined
2026-05-31T13:06:12.331Z [INFO]: in cotroller - sign up
2026-05-31T13:06:12.888Z [INFO]: addUser called for user: שם מנהל מוסד
2026-05-31T13:06:12.917Z [INFO]: addUser successful, user id: 1
2026-05-31T13:06:12.927Z [INFO]: register successful for national id: 123456789
2026-05-31T13:08:19.583Z [INFO]: verifyToken - path: /auth/register
2026-05-31T13:08:19.585Z [INFO]: verifyToken - skipping auth routes
2026-05-31T13:08:19.586Z [INFO]: user id:undefined, method:POST, url:/auth/register
2026-05-31T13:08:19.596Z [INFO]: Connected to MySQL at undefined
2026-05-31T13:08:19.616Z [INFO]: in cotroller - sign up
2026-05-31T13:08:19.914Z [INFO]: addUser called for user: שם מנהל מוסד
2026-05-31T13:08:19.934Z [INFO]: addUser successful, user id: 1
2026-05-31T13:08:19.940Z [INFO]: register successful for national id: 123456789
2026-05-31T13:08:33.221Z [INFO]: verifyToken - path: /users
2026-05-31T13:08:33.225Z [INFO]: verifyToken - successful for user: principal (id number: 1)
2026-05-31T13:08:33.225Z [INFO]: user id:undefined, method:GET, url:/users
2026-05-31T13:08:33.227Z [INFO]: in require role middleware
2026-05-31T13:08:33.234Z [INFO]: roles for user id:1,  roles: principal
2026-05-31T13:10:59.187Z [INFO]: verifyToken - path: /users
2026-05-31T13:10:59.195Z [INFO]: verifyToken - successful for user: principal (id number: 1)
2026-05-31T13:10:59.196Z [INFO]: user id:undefined, method:GET, url:/users
2026-05-31T13:10:59.197Z [INFO]: in require role middleware
2026-05-31T13:10:59.223Z [INFO]: Connected to MySQL at undefined
2026-05-31T13:11:26.669Z [INFO]: verifyToken - path: /auth/register
2026-05-31T13:11:26.670Z [INFO]: verifyToken - skipping auth routes
2026-05-31T13:11:26.671Z [INFO]: user id:undefined, method:POST, url:/auth/register
2026-05-31T13:11:26.697Z [INFO]: in cotroller - sign up
2026-05-31T13:11:27.272Z [INFO]: addUser called for user: שם מנהל מוסד
2026-05-31T13:11:27.301Z [INFO]: addUser successful, user id: 1
2026-05-31T13:11:27.307Z [INFO]: register successful for national id: 123456789
2026-05-31T13:11:36.795Z [INFO]: verifyToken - path: /users
2026-05-31T13:11:36.797Z [INFO]: verifyToken - successful for user: principal (id number: 1)
2026-05-31T13:11:36.798Z [INFO]: user id:undefined, method:POST, url:/users
2026-05-31T13:11:43.522Z [INFO]: verifyToken - path: /users
2026-05-31T13:11:43.524Z [INFO]: verifyToken - successful for user: principal (id number: 1)
2026-05-31T13:11:43.524Z [INFO]: user id:undefined, method:GET, url:/users
2026-05-31T13:11:43.525Z [INFO]: in require role middleware
2026-05-31T13:11:43.534Z [INFO]: roles for user id:1,  roles: principal
2026-05-31T13:11:43.535Z [INFO]: in get all uses
2026-06-01T05:29:04.210Z [INFO]: verifyToken - path: /auth/register
2026-06-01T05:29:04.214Z [INFO]: verifyToken - skipping auth routes
2026-06-01T05:29:04.216Z [INFO]: user id:undefined, method:OPTIONS, url:/auth/register
2026-06-01T05:29:04.393Z [INFO]: Connected to MySQL at 127.0.0.1
2026-06-01T05:31:05.956Z [INFO]: verifyToken - path: /auth/register
2026-06-01T05:31:05.958Z [INFO]: verifyToken - skipping auth routes
2026-06-01T05:31:05.959Z [INFO]: user id:undefined, method:OPTIONS, url:/auth/register
2026-06-01T05:33:04.523Z [INFO]: verifyToken - path: /auth/register
2026-06-01T05:33:04.527Z [INFO]: verifyToken - skipping auth routes
2026-06-01T05:33:04.529Z [INFO]: user id:undefined, method:POST, url:/auth/register
2026-06-01T05:33:04.571Z [INFO]: Connected to MySQL at 127.0.0.1
2026-06-01T05:33:04.613Z [INFO]: in cotroller - sign up
2026-06-01T05:33:04.617Z [WARN]: register error: data and salt arguments required
2026-06-01T06:09:01.961Z [INFO]: verifyToken - path: /auth/register
2026-06-01T06:09:01.963Z [INFO]: verifyToken - skipping auth routes
2026-06-01T06:09:01.965Z [INFO]: user id:undefined, method:POST, url:/auth/register
2026-06-01T06:09:01.995Z [INFO]: in cotroller - sign up
2026-06-01T06:09:02.523Z [INFO]: addUser called for user: דן לב
2026-06-01T06:09:02.528Z [ERROR]: addUser error: Bind parameters must not contain undefined. To pass SQL NULL specify JS null
2026-06-01T06:09:02.529Z [WARN]: register error: Bind parameters must not contain undefined. To pass SQL NULL specify JS null
2026-06-01T06:11:47.795Z [INFO]: verifyToken - path: /auth/register
2026-06-01T06:11:47.799Z [INFO]: verifyToken - skipping auth routes
2026-06-01T06:11:47.800Z [INFO]: user id:undefined, method:POST, url:/auth/register
2026-06-01T06:11:47.837Z [INFO]: Connected to MySQL at 127.0.0.1
2026-06-01T06:11:47.866Z [INFO]: in cotroller - sign up
2026-06-01T06:11:48.253Z [INFO]: addUser called for user: דן לב
2026-06-01T06:11:48.289Z [ERROR]: addUser error: Unknown column 'phone' in 'field list'
2026-06-01T06:11:48.290Z [WARN]: register error: Unknown column 'phone' in 'field list'
2026-06-01T06:13:32.471Z [INFO]: verifyToken - path: /auth/register
2026-06-01T06:13:32.475Z [INFO]: verifyToken - skipping auth routes
2026-06-01T06:13:32.479Z [INFO]: user id:undefined, method:POST, url:/auth/register
2026-06-01T06:13:32.517Z [INFO]: Connected to MySQL at 127.0.0.1
2026-06-01T06:13:32.539Z [INFO]: in cotroller - sign up
2026-06-01T06:13:32.971Z [INFO]: addUser called for user: דן לב
2026-06-01T06:13:32.974Z [ERROR]: addUser error: Unknown column 'phone' in 'field list'
2026-06-01T06:13:32.975Z [WARN]: register error: Unknown column 'phone' in 'field list'
2026-06-01T06:13:35.270Z [INFO]: verifyToken - path: /auth/register
2026-06-01T06:13:35.272Z [INFO]: verifyToken - skipping auth routes
2026-06-01T06:13:35.273Z [INFO]: user id:undefined, method:POST, url:/auth/register
2026-06-01T06:13:35.286Z [INFO]: in cotroller - sign up
2026-06-01T06:13:35.715Z [INFO]: addUser called for user: דן לב
2026-06-01T06:13:35.718Z [ERROR]: addUser error: Unknown column 'phone' in 'field list'
2026-06-01T06:13:35.718Z [WARN]: register error: Unknown column 'phone' in 'field list'
2026-06-01T06:13:35.845Z [INFO]: verifyToken - path: /auth/register
2026-06-01T06:13:35.845Z [INFO]: verifyToken - skipping auth routes
2026-06-01T06:13:35.846Z [INFO]: user id:undefined, method:POST, url:/auth/register
2026-06-01T06:13:35.859Z [INFO]: in cotroller - sign up
2026-06-01T06:13:36.042Z [INFO]: verifyToken - path: /auth/register
2026-06-01T06:13:36.042Z [INFO]: verifyToken - skipping auth routes
2026-06-01T06:13:36.043Z [INFO]: user id:undefined, method:POST, url:/auth/register
2026-06-01T06:13:36.055Z [INFO]: in cotroller - sign up
2026-06-01T06:13:36.306Z [INFO]: addUser called for user: דן לב
2026-06-01T06:13:36.308Z [ERROR]: addUser error: Unknown column 'phone' in 'field list'
2026-06-01T06:13:36.308Z [WARN]: register error: Unknown column 'phone' in 'field list'
2026-06-01T06:13:36.311Z [INFO]: verifyToken - path: /auth/register
2026-06-01T06:13:36.312Z [INFO]: verifyToken - skipping auth routes
2026-06-01T06:13:36.312Z [INFO]: user id:undefined, method:POST, url:/auth/register
2026-06-01T06:13:36.322Z [INFO]: in cotroller - sign up
2026-06-01T06:13:36.453Z [INFO]: addUser called for user: דן לב
2026-06-01T06:13:36.455Z [ERROR]: addUser error: Unknown column 'phone' in 'field list'
2026-06-01T06:13:36.455Z [WARN]: register error: Unknown column 'phone' in 'field list'
2026-06-01T06:13:36.749Z [INFO]: addUser called for user: דן לב
2026-06-01T06:13:36.751Z [ERROR]: addUser error: Unknown column 'phone' in 'field list'
2026-06-01T06:13:36.752Z [WARN]: register error: Unknown column 'phone' in 'field list'
2026-06-01T06:42:34.587Z [INFO]: verifyToken - path: /auth/register
2026-06-01T06:42:34.591Z [INFO]: verifyToken - skipping auth routes
2026-06-01T06:42:34.593Z [INFO]: user id:undefined, method:POST, url:/auth/register
2026-06-01T06:42:34.619Z [INFO]: Connected to MySQL at 127.0.0.1
2026-06-01T06:42:34.676Z [INFO]: in cotroller - sign up
2026-06-01T06:42:35.324Z [INFO]: addUser called for user: דן לב
2026-06-01T06:42:35.327Z [ERROR]: addUser error: Unknown column 'street' in 'field list'
2026-06-01T06:42:35.328Z [WARN]: register error: Unknown column 'street' in 'field list'
2026-06-01T06:43:10.480Z [INFO]: verifyToken - path: /auth/register
2026-06-01T06:43:10.482Z [INFO]: verifyToken - skipping auth routes
2026-06-01T06:43:10.483Z [INFO]: user id:undefined, method:POST, url:/auth/register
2026-06-01T06:43:10.525Z [INFO]: in cotroller - sign up
2026-06-01T06:43:11.164Z [INFO]: addUser called for user: דן לב
2026-06-01T06:43:11.239Z [INFO]: addUser successful, user id: 1
2026-06-01T06:43:11.253Z [INFO]: register successful for national id: 987654321
2026-06-01T06:43:40.253Z [INFO]: verifyToken - path: /auth/login
2026-06-01T06:43:40.254Z [INFO]: verifyToken - skipping auth routes
2026-06-01T06:43:40.254Z [INFO]: user id:undefined, method:POST, url:/auth/login
2026-06-01T06:43:40.966Z [INFO]: login successful for national id: 987654321 form institution: 123
2026-06-01T06:57:39.373Z [INFO]: verifyToken - path: /auth/login
2026-06-01T06:57:39.373Z [INFO]: verifyToken - skipping auth routes
2026-06-01T06:57:39.374Z [INFO]: user id:undefined, method:POST, url:/auth/login
2026-06-01T06:57:40.066Z [INFO]: login successful for national id: 987654321 form institution: 123
2026-06-01T06:57:42.199Z [INFO]: verifyToken - path: /auth/login
2026-06-01T06:57:42.200Z [INFO]: verifyToken - skipping auth routes
2026-06-01T06:57:42.200Z [INFO]: user id:undefined, method:POST, url:/auth/login
2026-06-01T06:57:42.218Z [WARN]: login error: User not found
2026-06-01T06:58:06.587Z [INFO]: verifyToken - path: /auth/login
2026-06-01T06:58:06.590Z [INFO]: verifyToken - skipping auth routes
2026-06-01T06:58:06.594Z [INFO]: user id:undefined, method:POST, url:/auth/login
2026-06-01T06:58:07.275Z [INFO]: login successful for national id: 987654321 form institution: 123
2026-06-01T08:00:29.364Z [INFO]: verifyToken - path: /auth/login
2026-06-01T08:00:29.366Z [INFO]: verifyToken - skipping auth routes
2026-06-01T08:00:29.366Z [INFO]: user id:undefined, method:POST, url:/auth/login
2026-06-01T08:00:29.390Z [WARN]: login error: User not found
2026-06-01T08:12:11.559Z [INFO]: verifyToken - path: /auth/login
2026-06-01T08:12:11.560Z [INFO]: verifyToken - skipping auth routes
2026-06-01T08:12:11.561Z [INFO]: user id:undefined, method:POST, url:/auth/login
2026-06-01T08:12:12.245Z [INFO]: verifyToken - path: /auth/login
2026-06-01T08:12:12.245Z [INFO]: verifyToken - skipping auth routes
2026-06-01T08:12:12.246Z [INFO]: user id:undefined, method:POST, url:/auth/login
2026-06-01T08:12:12.262Z [INFO]: login successful for national id: 987654321 form institution: 123
2026-06-01T08:12:12.909Z [INFO]: login successful for national id: 987654321 form institution: 123
